102.04.16 17:25 A Y:\VME\vme06\asci\RCMDS\TRIG\e137ssdtest <-- vme06 /h0/RCMDS/TRIG e137ssdtest
102.04.16 17:25 A Y:\VME\vme06\asci\RCMDS\TRIG\e146_FP <-- vme06 /h0/RCMDS/TRIG e146_FP
102.04.16 17:25 A Y:\VME\vme06\asci\RCMDS\TRIG\e146_FPP <-- vme06 /h0/RCMDS/TRIG e146_FPP
102.04.16 17:25 A Y:\VME\vme06\asci\RCMDS\TRIG\e148_gr_2 <-- vme06 /h0/RCMDS/TRIG e148_gr_2
102.04.16 17:25 A Y:\VME\vme06\asci\RCMDS\TRIG\e148_gr_d <-- vme06 /h0/RCMDS/TRIG e148_gr_d
102.04.16 17:25 A Y:\VME\vme06\asci\RCMDS\TRIG\e148_grc <-- vme06 /h0/RCMDS/TRIG e148_grc
102.04.16 17:25 A Y:\VME\vme06\asci\RCMDS\TRIG\e148_grc_d <-- vme06 /h0/RCMDS/TRIG e148_grc_d
102.04.16 17:25 A Y:\VME\vme06\asci\RCMDS\TRIG\e148_p2p <-- vme06 /h0/RCMDS/TRIG e148_p2p
102.04.16 17:25 A Y:\VME\vme06\asci\RCMDS\TRIG\e148_std <-- vme06 /h0/RCMDS/TRIG e148_std
102.04.16 17:25 A Y:\VME\vme06\asci\RCMDS\TRIG\e148_test <-- vme06 /h0/RCMDS/TRIG e148_test
102.04.16 17:25 A Y:\VME\vme06\asci\RCMDS\TRIG\e164_sngl <-- vme06 /h0/RCMDS/TRIG e164_sngl
102.04.16 17:25 A Y:\VME\vme06\asci\RCMDS\TRIG\e164_sngl_jan01 <-- vme06 /h0/RCMDS/TRIG e164_sngl_jan01
102.04.16 17:25 A Y:\VME\vme06\asci\RCMDS\TRIG\e164_sngl_t1 <-- vme06 /h0/RCMDS/TRIG e164_sngl_t1
102.04.16 17:25 A Y:\VME\vme06\asci\RCMDS\TRIG\e164_std <-- vme06 /h0/RCMDS/TRIG e164_std
102.04.16 17:25 A Y:\VME\vme06\asci\RCMDS\TRIG\e164_std_jan01 <-- vme06 /h0/RCMDS/TRIG e164_std_jan01
102.04.16 17:25 A Y:\VME\vme06\asci\RCMDS\TRIG\e164_std_t1 <-- vme06 /h0/RCMDS/TRIG e164_std_t1
102.04.16 17:25 A Y:\VME\vme06\asci\RCMDS\TRIG\e164_test <-- vme06 /h0/RCMDS/TRIG e164_test
102.04.16 17:25 A Y:\VME\vme06\asci\RCMDS\TRIG\e164_test_jan01 <-- vme06 /h0/RCMDS/TRIG e164_test_jan01
102.04.16 17:25 A Y:\VME\vme06\asci\RCMDS\TRIG\e164_test_t1 <-- vme06 /h0/RCMDS/TRIG e164_test_t1
102.04.16 17:25 A Y:\VME\vme06\asci\RCMDS\TRIG\grc_sngl <-- vme06 /h0/RCMDS/TRIG grc_sngl
102.04.16 17:25 A Y:\VME\vme06\asci\RCMDS\TRIG\grc_sngl_22jar01 <-- vme06 /h0/RCMDS/TRIG grc_sngl_22jar01
102.04.16 17:25 A Y:\VME\vme06\asci\RCMDS\TRIG\grc_sngl_2f <-- vme06 /h0/RCMDS/TRIG grc_sngl_2f
102.04.16 17:25 A Y:\VME\vme06\asci\RCMDS\TRIG\grc_sngl_jul01 <-- vme06 /h0/RCMDS/TRIG grc_sngl_jul01
102.04.16 17:25 A Y:\VME\vme06\asci\RCMDS\TRIG\grc_std <-- vme06 /h0/RCMDS/TRIG grc_std
102.04.16 17:25 A Y:\VME\vme06\asci\RCMDS\TRIG\grc_std_22jar01 <-- vme06 /h0/RCMDS/TRIG grc_std_22jar01
102.04.16 17:25 A Y:\VME\vme06\asci\RCMDS\TRIG\grc_std_2f <-- vme06 /h0/RCMDS/TRIG grc_std_2f
102.04.16 17:25 A Y:\VME\vme06\asci\RCMDS\TRIG\grc_std_jul01 <-- vme06 /h0/RCMDS/TRIG grc_std_jul01
102.04.16 17:25 A Y:\VME\vme06\asci\RCMDS\TRIG\grc_test <-- vme06 /h0/RCMDS/TRIG grc_test
102.04.16 17:25 A Y:\VME\vme06\asci\RCMDS\TRIG\grc_test_22jar01 <-- vme06 /h0/RCMDS/TRIG grc_test_22jar01
102.04.16 17:25 A Y:\VME\vme06\asci\RCMDS\TRIG\grc_test_2f <-- vme06 /h0/RCMDS/TRIG grc_test_2f
102.04.16 17:25 A Y:\VME\vme06\asci\RCMDS\TRIG\grc_test_jul01 <-- vme06 /h0/RCMDS/TRIG grc_test_jul01
102.04.16 17:25 A Y:\VME\vme06\asci\RCMDS\TRIG\initbufch <-- vme06 /h0/RCMDS/TRIG initbufch
102.04.16 17:25 A Y:\VME\vme06\asci\RCMDS\TRIG\initbufch_nfa <-- vme06 /h0/RCMDS/TRIG initbufch_nfa
102.04.16 17:25 A Y:\VME\vme06\asci\RCMDS\TRIG\initTrig_slct <-- vme06 /h0/RCMDS/TRIG initTrig_slct
102.04.16 17:25 A Y:\VME\vme06\asci\RCMDS\TRIG\inittrig_slct.old <-- vme06 /h0/RCMDS/TRIG inittrig_slct.old
102.04.16 17:25 A Y:\VME\vme06\asci\RCMDS\TRIG\initTrig_slct_e112 <-- vme06 /h0/RCMDS/TRIG initTrig_slct_e112
102.04.16 17:25 A Y:\VME\vme06\asci\RCMDS\TRIG\initTrig_slct_gel <-- vme06 /h0/RCMDS/TRIG initTrig_slct_gel
102.04.16 17:25 A Y:\VME\vme06\asci\RCMDS\TRIG\initTrig_slct_gel_jun2000 <-- vme06 /h0/RCMDS/TRIG initTrig_slct_gel_jun2000
102.04.16 17:25 A Y:\VME\vme06\asci\RCMDS\TRIG\initTrig_slct_gfl <-- vme06 /h0/RCMDS/TRIG initTrig_slct_gfl
102.04.16 17:25 A Y:\VME\vme06\asci\RCMDS\TRIG\initTrig_slct_gfl_Dec1999 <-- vme06 /h0/RCMDS/TRIG initTrig_slct_gfl_Dec1999
102.04.16 17:25 A Y:\VME\vme06\asci\RCMDS\TRIG\initTrig_slct_gfl_e146 <-- vme06 /h0/RCMDS/TRIG initTrig_slct_gfl_e146
102.04.16 17:25 A Y:\VME\vme06\asci\RCMDS\TRIG\initTrig_slct_gfl_jun2000 <-- vme06 /h0/RCMDS/TRIG initTrig_slct_gfl_jun2000
102.04.16 17:25 A Y:\VME\vme06\asci\RCMDS\TRIG\initTrig_slct_gflf <-- vme06 /h0/RCMDS/TRIG initTrig_slct_gflf
102.04.16 17:25 A Y:\VME\vme06\asci\RCMDS\TRIG\initTrig_slct_gl <-- vme06 /h0/RCMDS/TRIG initTrig_slct_gl
102.04.16 17:26 A Y:\VME\vme06\asci\RCMDS\TRIG\initTrig_slct_gl2 <-- vme06 /h0/RCMDS/TRIG initTrig_slct_gl2
102.04.16 17:26 A Y:\VME\vme06\asci\RCMDS\TRIG\initTrig_slct_gl2l <-- vme06 /h0/RCMDS/TRIG initTrig_slct_gl2l
102.04.16 17:26 A Y:\VME\vme06\asci\RCMDS\TRIG\initTrig_slct_gl_jul98 <-- vme06 /h0/RCMDS/TRIG initTrig_slct_gl_jul98
102.04.16 17:26 A Y:\VME\vme06\asci\RCMDS\TRIG\initTrig_slct_gl_nov99 <-- vme06 /h0/RCMDS/TRIG initTrig_slct_gl_nov99
102.04.16 17:26 A Y:\VME\vme06\asci\RCMDS\TRIG\initTrig_slct_gl_sca <-- vme06 /h0/RCMDS/TRIG initTrig_slct_gl_sca
102.04.16 17:26 A Y:\VME\vme06\asci\RCMDS\TRIG\initTrig_slct_gl_sca_apr99 <-- vme06 /h0/RCMDS/TRIG initTrig_slct_gl_sca_apr99
102.04.16 17:26 A Y:\VME\vme06\asci\RCMDS\TRIG\initTrig_slct_glc <-- vme06 /h0/RCMDS/TRIG initTrig_slct_glc
102.04.16 17:26 A Y:\VME\vme06\asci\RCMDS\TRIG\initTrig_slct_glf <-- vme06 /h0/RCMDS/TRIG initTrig_slct_glf
102.04.16 17:26 A Y:\VME\vme06\asci\RCMDS\TRIG\initTrig_slct_glf2l <-- vme06 /h0/RCMDS/TRIG initTrig_slct_glf2l
102.04.16 17:26 A Y:\VME\vme06\asci\RCMDS\TRIG\initTrig_slct_glf_bf99jul <-- vme06 /h0/RCMDS/TRIG initTrig_slct_glf_bf99jul
102.04.16 17:26 A Y:\VME\vme06\asci\RCMDS\TRIG\initTrig_slct_glo <-- vme06 /h0/RCMDS/TRIG initTrig_slct_glo
102.04.16 17:26 A Y:\VME\vme06\asci\RCMDS\TRIG\initTrig_slct_glo_bak <-- vme06 /h0/RCMDS/TRIG initTrig_slct_glo_bak
102.04.16 17:26 A Y:\VME\vme06\asci\RCMDS\TRIG\initTrig_slct_glo_or <-- vme06 /h0/RCMDS/TRIG initTrig_slct_glo_or
102.04.16 17:26 A Y:\VME\vme06\asci\RCMDS\TRIG\initTrig_slct_glo_std <-- vme06 /h0/RCMDS/TRIG initTrig_slct_glo_std
102.04.16 17:26 A Y:\VME\vme06\asci\RCMDS\TRIG\initTrig_slct_grc <-- vme06 /h0/RCMDS/TRIG initTrig_slct_grc
102.04.16 17:26 A Y:\VME\vme06\asci\RCMDS\TRIG\inittrig_slct_grc_bf09jun01 <-- vme06 /h0/RCMDS/TRIG inittrig_slct_grc_bf09jun01
102.04.16 17:26 A Y:\VME\vme06\asci\RCMDS\TRIG\initTrig_slct_grc_bf14mar02 <-- vme06 /h0/RCMDS/TRIG initTrig_slct_grc_bf14mar02
102.04.16 17:26 A Y:\VME\vme06\asci\RCMDS\TRIG\initTrig_slct_grcfpp_0pol <-- vme06 /h0/RCMDS/TRIG initTrig_slct_grcfpp_0pol
102.04.16 17:26 A Y:\VME\vme06\asci\RCMDS\TRIG\initTrig_slct_grcfpp_0polbak <-- vme06 /h0/RCMDS/TRIG initTrig_slct_grcfpp_0polbak
102.04.16 17:26 A Y:\VME\vme06\asci\RCMDS\TRIG\initTrig_slct_grcfpp_0poljun <-- vme06 /h0/RCMDS/TRIG initTrig_slct_grcfpp_0poljun
102.04.16 17:26 A Y:\VME\vme06\asci\RCMDS\TRIG\initTrig_slct_grcj <-- vme06 /h0/RCMDS/TRIG initTrig_slct_grcj
102.04.16 17:26 A Y:\VME\vme06\asci\RCMDS\TRIG\initTrig_slct_gre <-- vme06 /h0/RCMDS/TRIG initTrig_slct_gre
102.04.16 17:26 A Y:\VME\vme06\asci\RCMDS\TRIG\initTrig_slct_grfera <-- vme06 /h0/RCMDS/TRIG initTrig_slct_grfera
102.04.16 17:26 A Y:\VME\vme06\asci\RCMDS\TRIG\initTrig_slct_grfpp <-- vme06 /h0/RCMDS/TRIG initTrig_slct_grfpp
102.04.16 17:26 A Y:\VME\vme06\asci\RCMDS\TRIG\initTrig_slct_grfpp_0pol <-- vme06 /h0/RCMDS/TRIG initTrig_slct_grfpp_0pol
102.04.16 17:26 A Y:\VME\vme06\asci\RCMDS\TRIG\initTrig_slct_grfpp_980225 <-- vme06 /h0/RCMDS/TRIG initTrig_slct_grfpp_980225
102.04.16 17:26 A Y:\VME\vme06\asci\RCMDS\TRIG\inittrig_slct_grfpp_e157 <-- vme06 /h0/RCMDS/TRIG inittrig_slct_grfpp_e157
102.04.16 17:26 A Y:\VME\vme06\asci\RCMDS\TRIG\inittrig_slct_grfpp_e157_3 <-- vme06 /h0/RCMDS/TRIG inittrig_slct_grfpp_e157_3
102.04.16 17:26 A Y:\VME\vme06\asci\RCMDS\TRIG\initTrig_slct_grfpplass <-- vme06 /h0/RCMDS/TRIG initTrig_slct_grfpplass
102.04.16 17:26 A Y:\VME\vme06\asci\RCMDS\TRIG\initTrig_slct_grfpplass_apr <-- vme06 /h0/RCMDS/TRIG initTrig_slct_grfpplass_apr
102.04.16 17:26 A Y:\VME\vme06\asci\RCMDS\TRIG\initTrig_slct_grfpplass_dec <-- vme06 /h0/RCMDS/TRIG initTrig_slct_grfpplass_dec
102.04.16 17:26 A Y:\VME\vme06\asci\RCMDS\TRIG\initTrig_slct_grfpplass_jun <-- vme06 /h0/RCMDS/TRIG initTrig_slct_grfpplass_jun
102.04.16 17:26 A Y:\VME\vme06\asci\RCMDS\TRIG\initTrig_slct_grj11 <-- vme06 /h0/RCMDS/TRIG initTrig_slct_grj11
102.04.16 17:26 A Y:\VME\vme06\asci\RCMDS\TRIG\initTrig_slct_grs <-- vme06 /h0/RCMDS/TRIG initTrig_slct_grs
102.04.16 17:26 A Y:\VME\vme06\asci\RCMDS\TRIG\inittrig_slct_grs_0pol <-- vme06 /h0/RCMDS/TRIG inittrig_slct_grs_0pol
102.04.16 17:26 A Y:\VME\vme06\asci\RCMDS\TRIG\initTrig_slct_grs_1 <-- vme06 /h0/RCMDS/TRIG initTrig_slct_grs_1
102.04.16 17:26 A Y:\VME\vme06\asci\RCMDS\TRIG\initTrig_slct_grs_2 <-- vme06 /h0/RCMDS/TRIG initTrig_slct_grs_2
102.04.16 17:26 A Y:\VME\vme06\asci\RCMDS\TRIG\initTrig_slct_grs_bf990404 <-- vme06 /h0/RCMDS/TRIG initTrig_slct_grs_bf990404
102.04.16 17:26 A Y:\VME\vme06\asci\RCMDS\TRIG\initTrig_slct_grs_old <-- vme06 /h0/RCMDS/TRIG initTrig_slct_grs_old
102.04.16 17:26 A Y:\VME\vme06\asci\RCMDS\TRIG\initTrig_slct_grssd_Mar97 <-- vme06 /h0/RCMDS/TRIG initTrig_slct_grssd_Mar97
102.04.16 17:26 A Y:\VME\vme06\asci\RCMDS\TRIG\initTrig_slct_gsls <-- vme06 /h0/RCMDS/TRIG initTrig_slct_gsls
102.04.16 17:26 A Y:\VME\vme06\asci\RCMDS\TRIG\initTrig_slct_gsls_e126 <-- vme06 /h0/RCMDS/TRIG initTrig_slct_gsls_e126
102.04.16 17:26 A Y:\VME\vme06\asci\RCMDS\TRIG\initTrig_slct_las2l <-- vme06 /h0/RCMDS/TRIG initTrig_slct_las2l
102.04.16 17:26 A Y:\VME\vme06\asci\RCMDS\TRIG\initTrig_slct_np <-- vme06 /h0/RCMDS/TRIG initTrig_slct_np
102.04.16 17:26 A Y:\VME\vme06\asci\RCMDS\TRIG\initTrig_slct_np.old <-- vme06 /h0/RCMDS/TRIG initTrig_slct_np.old
102.04.16 17:26 A Y:\VME\vme06\asci\RCMDS\TRIG\initTrig_slct_ppG <-- vme06 /h0/RCMDS/TRIG initTrig_slct_ppG
102.04.16 17:26 A Y:\VME\vme06\asci\RCMDS\TRIG\initTrig_slct_ppG_Apr97 <-- vme06 /h0/RCMDS/TRIG initTrig_slct_ppG_Apr97
102.04.16 17:26 A Y:\VME\vme06\asci\RCMDS\TRIG\triginit.old <-- vme06 /h0/RCMDS/TRIG triginit.old
102.04.16 17:26 A Y:\VME\vme06\asci\RCMDS\TRIG\triginit_bak_1 <-- vme06 /h0/RCMDS/TRIG triginit_bak_1
102.04.16 17:26 A Y:\VME\vme06\asci\RCMDS\TRIG\triginit_e112 <-- vme06 /h0/RCMDS/TRIG triginit_e112
102.04.16 17:26 A Y:\VME\vme06\asci\RCMDS\TRIG\triginit_gel <-- vme06 /h0/RCMDS/TRIG triginit_gel
102.04.16 17:26 A Y:\VME\vme06\asci\RCMDS\TRIG\triginit_gel_jun2000 <-- vme06 /h0/RCMDS/TRIG triginit_gel_jun2000
102.04.16 17:26 A Y:\VME\vme06\asci\RCMDS\TRIG\triginit_gfl <-- vme06 /h0/RCMDS/TRIG triginit_gfl
102.04.16 17:26 A Y:\VME\vme06\asci\RCMDS\TRIG\triginit_gfl_11jul98 <-- vme06 /h0/RCMDS/TRIG triginit_gfl_11jul98
102.04.16 17:26 A Y:\VME\vme06\asci\RCMDS\TRIG\triginit_gfl_Dec1999 <-- vme06 /h0/RCMDS/TRIG triginit_gfl_Dec1999
102.04.16 17:26 A Y:\VME\vme06\asci\RCMDS\TRIG\triginit_gfl_Dec98 <-- vme06 /h0/RCMDS/TRIG triginit_gfl_Dec98
102.04.16 17:26 A Y:\VME\vme06\asci\RCMDS\TRIG\triginit_gfl_e146 <-- vme06 /h0/RCMDS/TRIG triginit_gfl_e146
102.04.16 17:26 A Y:\VME\vme06\asci\RCMDS\TRIG\triginit_gfl_jun2000 <-- vme06 /h0/RCMDS/TRIG triginit_gfl_jun2000
102.04.16 17:26 A Y:\VME\vme06\asci\RCMDS\TRIG\triginit_gflf <-- vme06 /h0/RCMDS/TRIG triginit_gflf
102.04.16 17:26 A Y:\VME\vme06\asci\RCMDS\TRIG\triginit_gflft <-- vme06 /h0/RCMDS/TRIG triginit_gflft
102.04.16 17:26 A Y:\VME\vme06\asci\RCMDS\TRIG\triginit_gl <-- vme06 /h0/RCMDS/TRIG triginit_gl
102.04.16 17:26 A Y:\VME\vme06\asci\RCMDS\TRIG\triginit_gl2 <-- vme06 /h0/RCMDS/TRIG triginit_gl2
102.04.16 17:26 A Y:\VME\vme06\asci\RCMDS\TRIG\triginit_gl2l <-- vme06 /h0/RCMDS/TRIG triginit_gl2l
102.04.16 17:26 A Y:\VME\vme06\asci\RCMDS\TRIG\triginit_gl2l_1 <-- vme06 /h0/RCMDS/TRIG triginit_gl2l_1
102.04.16 17:26 A Y:\VME\vme06\asci\RCMDS\TRIG\triginit_gl2l_jul99 <-- vme06 /h0/RCMDS/TRIG triginit_gl2l_jul99
102.04.16 17:26 A Y:\VME\vme06\asci\RCMDS\TRIG\triginit_gl2l_x <-- vme06 /h0/RCMDS/TRIG triginit_gl2l_x
102.04.16 17:26 A Y:\VME\vme06\asci\RCMDS\TRIG\triginit_gl_bak <-- vme06 /h0/RCMDS/TRIG triginit_gl_bak
102.04.16 17:26 A Y:\VME\vme06\asci\RCMDS\TRIG\triginit_gl_bfnov99 <-- vme06 /h0/RCMDS/TRIG triginit_gl_bfnov99
102.04.16 17:26 A Y:\VME\vme06\asci\RCMDS\TRIG\triginit_gl_jul98 <-- vme06 /h0/RCMDS/TRIG triginit_gl_jul98
102.04.16 17:26 A Y:\VME\vme06\asci\RCMDS\TRIG\triginit_gl_nov99 <-- vme06 /h0/RCMDS/TRIG triginit_gl_nov99
102.04.16 17:26 A Y:\VME\vme06\asci\RCMDS\TRIG\triginit_gl_sca <-- vme06 /h0/RCMDS/TRIG triginit_gl_sca
102.04.16 17:26 A Y:\VME\vme06\asci\RCMDS\TRIG\triginit_gl_sca_apr99 <-- vme06 /h0/RCMDS/TRIG triginit_gl_sca_apr99
102.04.16 17:26 A Y:\VME\vme06\asci\RCMDS\TRIG\triginit_glc <-- vme06 /h0/RCMDS/TRIG triginit_glc
102.04.16 17:26 A Y:\VME\vme06\asci\RCMDS\TRIG\triginit_glf <-- vme06 /h0/RCMDS/TRIG triginit_glf
102.04.16 17:26 A Y:\VME\vme06\asci\RCMDS\TRIG\triginit_glf2l <-- vme06 /h0/RCMDS/TRIG triginit_glf2l
102.04.16 17:26 A Y:\VME\vme06\asci\RCMDS\TRIG\triginit_glf_bf99jul <-- vme06 /h0/RCMDS/TRIG triginit_glf_bf99jul
102.04.16 17:26 A Y:\VME\vme06\asci\RCMDS\TRIG\triginit_glo <-- vme06 /h0/RCMDS/TRIG triginit_glo
102.04.16 17:26 A Y:\VME\vme06\asci\RCMDS\TRIG\triginit_grc <-- vme06 /h0/RCMDS/TRIG triginit_grc
102.04.16 17:26 A Y:\VME\vme06\asci\RCMDS\TRIG\triginit_grcfpp_0pol <-- vme06 /h0/RCMDS/TRIG triginit_grcfpp_0pol
102.04.16 17:26 A Y:\VME\vme06\asci\RCMDS\TRIG\triginit_grcfpp_0pol_jun2000 <-- vme06 /h0/RCMDS/TRIG triginit_grcfpp_0pol_jun2000
102.04.16 17:26 A Y:\VME\vme06\asci\RCMDS\TRIG\triginit_grcj <-- vme06 /h0/RCMDS/TRIG triginit_grcj
102.04.16 17:26 A Y:\VME\vme06\asci\RCMDS\TRIG\triginit_gre <-- vme06 /h0/RCMDS/TRIG triginit_gre
102.04.16 17:26 A Y:\VME\vme06\asci\RCMDS\TRIG\triginit_grfera <-- vme06 /h0/RCMDS/TRIG triginit_grfera
102.04.16 17:26 A Y:\VME\vme06\asci\RCMDS\TRIG\triginit_grfera_98Oct <-- vme06 /h0/RCMDS/TRIG triginit_grfera_98Oct
102.04.16 17:26 A Y:\VME\vme06\asci\RCMDS\TRIG\triginit_grfpp <-- vme06 /h0/RCMDS/TRIG triginit_grfpp
102.04.16 17:26 A Y:\VME\vme06\asci\RCMDS\TRIG\triginit_grfpp_0pol <-- vme06 /h0/RCMDS/TRIG triginit_grfpp_0pol
102.04.16 17:26 A Y:\VME\vme06\asci\RCMDS\TRIG\triginit_grfpp_980223 <-- vme06 /h0/RCMDS/TRIG triginit_grfpp_980223
102.04.16 17:26 A Y:\VME\vme06\asci\RCMDS\TRIG\triginit_grfpp_e157 <-- vme06 /h0/RCMDS/TRIG triginit_grfpp_e157
102.04.16 17:26 A Y:\VME\vme06\asci\RCMDS\TRIG\triginit_grfpp_Nov98 <-- vme06 /h0/RCMDS/TRIG triginit_grfpp_Nov98
102.04.16 17:26 A Y:\VME\vme06\asci\RCMDS\TRIG\triginit_grfpplass <-- vme06 /h0/RCMDS/TRIG triginit_grfpplass
102.04.16 17:26 A Y:\VME\vme06\asci\RCMDS\TRIG\triginit_grfpplass_apr2000 <-- vme06 /h0/RCMDS/TRIG triginit_grfpplass_apr2000
102.04.16 17:26 A Y:\VME\vme06\asci\RCMDS\TRIG\triginit_grfpplass_dec1999 <-- vme06 /h0/RCMDS/TRIG triginit_grfpplass_dec1999
102.04.16 17:26 A Y:\VME\vme06\asci\RCMDS\TRIG\triginit_grfpplass_jun2000 <-- vme06 /h0/RCMDS/TRIG triginit_grfpplass_jun2000
102.04.16 17:26 A Y:\VME\vme06\asci\RCMDS\TRIG\triginit_grj11 <-- vme06 /h0/RCMDS/TRIG triginit_grj11
102.04.16 17:26 A Y:\VME\vme06\asci\RCMDS\TRIG\triginit_grj11.old <-- vme06 /h0/RCMDS/TRIG triginit_grj11.old
102.04.16 17:26 A Y:\VME\vme06\asci\RCMDS\TRIG\triginit_grs <-- vme06 /h0/RCMDS/TRIG triginit_grs
102.04.16 17:26 A Y:\VME\vme06\asci\RCMDS\TRIG\triginit_grs_0pol <-- vme06 /h0/RCMDS/TRIG triginit_grs_0pol
102.04.16 17:26 A Y:\VME\vme06\asci\RCMDS\TRIG\triginit_grs_1 <-- vme06 /h0/RCMDS/TRIG triginit_grs_1
102.04.16 17:26 A Y:\VME\vme06\asci\RCMDS\TRIG\triginit_grs_2 <-- vme06 /h0/RCMDS/TRIG triginit_grs_2
102.04.16 17:26 A Y:\VME\vme06\asci\RCMDS\TRIG\triginit_grs_bf990404 <-- vme06 /h0/RCMDS/TRIG triginit_grs_bf990404
102.04.16 17:26 A Y:\VME\vme06\asci\RCMDS\TRIG\triginit_grs_bfdec99 <-- vme06 /h0/RCMDS/TRIG triginit_grs_bfdec99
102.04.16 17:26 A Y:\VME\vme06\asci\RCMDS\TRIG\triginit_grs_bfnov99 <-- vme06 /h0/RCMDS/TRIG triginit_grs_bfnov99
102.04.16 17:26 A Y:\VME\vme06\asci\RCMDS\TRIG\triginit_grs_old <-- vme06 /h0/RCMDS/TRIG triginit_grs_old
102.04.16 17:26 A Y:\VME\vme06\asci\RCMDS\TRIG\triginit_grssd_97mar <-- vme06 /h0/RCMDS/TRIG triginit_grssd_97mar
102.04.16 17:26 A Y:\VME\vme06\asci\RCMDS\TRIG\triginit_grssd_old <-- vme06 /h0/RCMDS/TRIG triginit_grssd_old
102.04.16 17:26 A Y:\VME\vme06\asci\RCMDS\TRIG\triginit_gsls <-- vme06 /h0/RCMDS/TRIG triginit_gsls
102.04.16 17:26 A Y:\VME\vme06\asci\RCMDS\TRIG\triginit_gsls_990525 <-- vme06 /h0/RCMDS/TRIG triginit_gsls_990525
102.04.16 17:26 A Y:\VME\vme06\asci\RCMDS\TRIG\triginit_gsls_e126 <-- vme06 /h0/RCMDS/TRIG triginit_gsls_e126
102.04.16 17:26 A Y:\VME\vme06\asci\RCMDS\TRIG\triginit_las2l <-- vme06 /h0/RCMDS/TRIG triginit_las2l
102.04.16 17:26 A Y:\VME\vme06\asci\RCMDS\TRIG\triginit_las2l_27sep99 <-- vme06 /h0/RCMDS/TRIG triginit_las2l_27sep99
102.04.16 17:26 A Y:\VME\vme06\asci\RCMDS\TRIG\triginit_liben_98jan <-- vme06 /h0/RCMDS/TRIG triginit_liben_98jan
102.04.16 17:26 A Y:\VME\vme06\asci\RCMDS\TRIG\triginit_nopcos <-- vme06 /h0/RCMDS/TRIG triginit_nopcos
102.04.16 17:26 A Y:\VME\vme06\asci\RCMDS\TRIG\triginit_np <-- vme06 /h0/RCMDS/TRIG triginit_np
102.04.16 17:26 A Y:\VME\vme06\asci\RCMDS\TRIG\triginit_np.old <-- vme06 /h0/RCMDS/TRIG triginit_np.old
102.04.16 17:26 A Y:\VME\vme06\asci\RCMDS\TRIG\triginit_np.old2 <-- vme06 /h0/RCMDS/TRIG triginit_np.old2
102.04.16 17:26 A Y:\VME\vme06\asci\RCMDS\TRIG\triginit_p2p_Feb97 <-- vme06 /h0/RCMDS/TRIG triginit_p2p_Feb97
102.04.16 17:26 A Y:\VME\vme06\asci\RCMDS\TRIG\triginit_p2pfpp <-- vme06 /h0/RCMDS/TRIG triginit_p2pfpp
102.04.16 17:26 A Y:\VME\vme06\asci\RCMDS\TRIG\triginit_ppG_Mar97 <-- vme06 /h0/RCMDS/TRIG triginit_ppG_Mar97
102.04.16 19:17 A Y:\VME\vme06\asci\RCMDS\TRIG\e137ssdtest --> saho /home/tamidaq/VMEbackup/APR2002/vme06/asci/RCMDS/TRIG e137ssdtest
102.04.16 19:17 A Y:\VME\vme06\asci\RCMDS\TRIG\e146_FP --> saho /home/tamidaq/VMEbackup/APR2002/vme06/asci/RCMDS/TRIG e146_FP
102.04.16 19:17 A Y:\VME\vme06\asci\RCMDS\TRIG\e146_FPP --> saho /home/tamidaq/VMEbackup/APR2002/vme06/asci/RCMDS/TRIG e146_FPP
102.04.16 19:17 A Y:\VME\vme06\asci\RCMDS\TRIG\e148_gr_2 --> saho /home/tamidaq/VMEbackup/APR2002/vme06/asci/RCMDS/TRIG e148_gr_2
102.04.16 19:17 A Y:\VME\vme06\asci\RCMDS\TRIG\e148_gr_d --> saho /home/tamidaq/VMEbackup/APR2002/vme06/asci/RCMDS/TRIG e148_gr_d
102.04.16 19:17 A Y:\VME\vme06\asci\RCMDS\TRIG\e148_grc --> saho /home/tamidaq/VMEbackup/APR2002/vme06/asci/RCMDS/TRIG e148_grc
102.04.16 19:17 A Y:\VME\vme06\asci\RCMDS\TRIG\e148_grc_d --> saho /home/tamidaq/VMEbackup/APR2002/vme06/asci/RCMDS/TRIG e148_grc_d
102.04.16 19:17 A Y:\VME\vme06\asci\RCMDS\TRIG\e148_p2p --> saho /home/tamidaq/VMEbackup/APR2002/vme06/asci/RCMDS/TRIG e148_p2p
102.04.16 19:17 A Y:\VME\vme06\asci\RCMDS\TRIG\e148_std --> saho /home/tamidaq/VMEbackup/APR2002/vme06/asci/RCMDS/TRIG e148_std
102.04.16 19:17 A Y:\VME\vme06\asci\RCMDS\TRIG\e148_test --> saho /home/tamidaq/VMEbackup/APR2002/vme06/asci/RCMDS/TRIG e148_test
102.04.16 19:17 A Y:\VME\vme06\asci\RCMDS\TRIG\e164_sngl --> saho /home/tamidaq/VMEbackup/APR2002/vme06/asci/RCMDS/TRIG e164_sngl
102.04.16 19:17 A Y:\VME\vme06\asci\RCMDS\TRIG\e164_sngl_jan01 --> saho /home/tamidaq/VMEbackup/APR2002/vme06/asci/RCMDS/TRIG e164_sngl_jan01
102.04.16 19:17 A Y:\VME\vme06\asci\RCMDS\TRIG\e164_sngl_t1 --> saho /home/tamidaq/VMEbackup/APR2002/vme06/asci/RCMDS/TRIG e164_sngl_t1
102.04.16 19:17 A Y:\VME\vme06\asci\RCMDS\TRIG\e164_std --> saho /home/tamidaq/VMEbackup/APR2002/vme06/asci/RCMDS/TRIG e164_std
102.04.16 19:17 A Y:\VME\vme06\asci\RCMDS\TRIG\e164_std_jan01 --> saho /home/tamidaq/VMEbackup/APR2002/vme06/asci/RCMDS/TRIG e164_std_jan01
102.04.16 19:17 A Y:\VME\vme06\asci\RCMDS\TRIG\e164_std_t1 --> saho /home/tamidaq/VMEbackup/APR2002/vme06/asci/RCMDS/TRIG e164_std_t1
102.04.16 19:17 A Y:\VME\vme06\asci\RCMDS\TRIG\e164_test --> saho /home/tamidaq/VMEbackup/APR2002/vme06/asci/RCMDS/TRIG e164_test
102.04.16 19:17 A Y:\VME\vme06\asci\RCMDS\TRIG\e164_test_jan01 --> saho /home/tamidaq/VMEbackup/APR2002/vme06/asci/RCMDS/TRIG e164_test_jan01
102.04.16 19:17 A Y:\VME\vme06\asci\RCMDS\TRIG\e164_test_t1 --> saho /home/tamidaq/VMEbackup/APR2002/vme06/asci/RCMDS/TRIG e164_test_t1
102.04.16 19:17 A Y:\VME\vme06\asci\RCMDS\TRIG\grc_sngl --> saho /home/tamidaq/VMEbackup/APR2002/vme06/asci/RCMDS/TRIG grc_sngl
102.04.16 19:17 A Y:\VME\vme06\asci\RCMDS\TRIG\grc_sngl_22jar01 --> saho /home/tamidaq/VMEbackup/APR2002/vme06/asci/RCMDS/TRIG grc_sngl_22jar01
102.04.16 19:17 A Y:\VME\vme06\asci\RCMDS\TRIG\grc_sngl_2f --> saho /home/tamidaq/VMEbackup/APR2002/vme06/asci/RCMDS/TRIG grc_sngl_2f
102.04.16 19:17 A Y:\VME\vme06\asci\RCMDS\TRIG\grc_sngl_jul01 --> saho /home/tamidaq/VMEbackup/APR2002/vme06/asci/RCMDS/TRIG grc_sngl_jul01
102.04.16 19:17 A Y:\VME\vme06\asci\RCMDS\TRIG\grc_std --> saho /home/tamidaq/VMEbackup/APR2002/vme06/asci/RCMDS/TRIG grc_std
102.04.16 19:17 A Y:\VME\vme06\asci\RCMDS\TRIG\grc_std_22jar01 --> saho /home/tamidaq/VMEbackup/APR2002/vme06/asci/RCMDS/TRIG grc_std_22jar01
102.04.16 19:17 A Y:\VME\vme06\asci\RCMDS\TRIG\grc_std_2f --> saho /home/tamidaq/VMEbackup/APR2002/vme06/asci/RCMDS/TRIG grc_std_2f
102.04.16 19:17 A Y:\VME\vme06\asci\RCMDS\TRIG\grc_std_jul01 --> saho /home/tamidaq/VMEbackup/APR2002/vme06/asci/RCMDS/TRIG grc_std_jul01
102.04.16 19:17 A Y:\VME\vme06\asci\RCMDS\TRIG\grc_test --> saho /home/tamidaq/VMEbackup/APR2002/vme06/asci/RCMDS/TRIG grc_test
102.04.16 19:17 A Y:\VME\vme06\asci\RCMDS\TRIG\grc_test_22jar01 --> saho /home/tamidaq/VMEbackup/APR2002/vme06/asci/RCMDS/TRIG grc_test_22jar01
102.04.16 19:17 A Y:\VME\vme06\asci\RCMDS\TRIG\grc_test_2f --> saho /home/tamidaq/VMEbackup/APR2002/vme06/asci/RCMDS/TRIG grc_test_2f
102.04.16 19:17 A Y:\VME\vme06\asci\RCMDS\TRIG\grc_test_jul01 --> saho /home/tamidaq/VMEbackup/APR2002/vme06/asci/RCMDS/TRIG grc_test_jul01
102.04.16 19:17 A Y:\VME\vme06\asci\RCMDS\TRIG\initbufch --> saho /home/tamidaq/VMEbackup/APR2002/vme06/asci/RCMDS/TRIG initbufch
102.04.16 19:17 A Y:\VME\vme06\asci\RCMDS\TRIG\initbufch_nfa --> saho /home/tamidaq/VMEbackup/APR2002/vme06/asci/RCMDS/TRIG initbufch_nfa
102.04.16 19:17 A Y:\VME\vme06\asci\RCMDS\TRIG\initTrig_slct --> saho /home/tamidaq/VMEbackup/APR2002/vme06/asci/RCMDS/TRIG initTrig_slct
102.04.16 19:17 A Y:\VME\vme06\asci\RCMDS\TRIG\inittrig_slct.old --> saho /home/tamidaq/VMEbackup/APR2002/vme06/asci/RCMDS/TRIG inittrig_slct.old
102.04.16 19:17 A Y:\VME\vme06\asci\RCMDS\TRIG\initTrig_slct_e112 --> saho /home/tamidaq/VMEbackup/APR2002/vme06/asci/RCMDS/TRIG initTrig_slct_e112
102.04.16 19:17 A Y:\VME\vme06\asci\RCMDS\TRIG\initTrig_slct_gel --> saho /home/tamidaq/VMEbackup/APR2002/vme06/asci/RCMDS/TRIG initTrig_slct_gel
102.04.16 19:17 A Y:\VME\vme06\asci\RCMDS\TRIG\initTrig_slct_gel_jun2000 --> saho /home/tamidaq/VMEbackup/APR2002/vme06/asci/RCMDS/TRIG initTrig_slct_gel_jun2000
102.04.16 19:17 A Y:\VME\vme06\asci\RCMDS\TRIG\initTrig_slct_gfl --> saho /home/tamidaq/VMEbackup/APR2002/vme06/asci/RCMDS/TRIG initTrig_slct_gfl
102.04.16 19:17 A Y:\VME\vme06\asci\RCMDS\TRIG\initTrig_slct_gfl_Dec1999 --> saho /home/tamidaq/VMEbackup/APR2002/vme06/asci/RCMDS/TRIG initTrig_slct_gfl_Dec1999
102.04.16 19:17 A Y:\VME\vme06\asci\RCMDS\TRIG\initTrig_slct_gfl_e146 --> saho /home/tamidaq/VMEbackup/APR2002/vme06/asci/RCMDS/TRIG initTrig_slct_gfl_e146
102.04.16 19:17 A Y:\VME\vme06\asci\RCMDS\TRIG\initTrig_slct_gfl_jun2000 --> saho /home/tamidaq/VMEbackup/APR2002/vme06/asci/RCMDS/TRIG initTrig_slct_gfl_jun2000
102.04.16 19:17 A Y:\VME\vme06\asci\RCMDS\TRIG\initTrig_slct_gflf --> saho /home/tamidaq/VMEbackup/APR2002/vme06/asci/RCMDS/TRIG initTrig_slct_gflf
102.04.16 19:17 A Y:\VME\vme06\asci\RCMDS\TRIG\initTrig_slct_gl --> saho /home/tamidaq/VMEbackup/APR2002/vme06/asci/RCMDS/TRIG initTrig_slct_gl
102.04.16 19:17 A Y:\VME\vme06\asci\RCMDS\TRIG\initTrig_slct_gl2 --> saho /home/tamidaq/VMEbackup/APR2002/vme06/asci/RCMDS/TRIG initTrig_slct_gl2
102.04.16 19:17 A Y:\VME\vme06\asci\RCMDS\TRIG\initTrig_slct_gl2l --> saho /home/tamidaq/VMEbackup/APR2002/vme06/asci/RCMDS/TRIG initTrig_slct_gl2l
102.04.16 19:17 A Y:\VME\vme06\asci\RCMDS\TRIG\initTrig_slct_gl_jul98 --> saho /home/tamidaq/VMEbackup/APR2002/vme06/asci/RCMDS/TRIG initTrig_slct_gl_jul98
102.04.16 19:17 A Y:\VME\vme06\asci\RCMDS\TRIG\initTrig_slct_gl_nov99 --> saho /home/tamidaq/VMEbackup/APR2002/vme06/asci/RCMDS/TRIG initTrig_slct_gl_nov99
102.04.16 19:17 A Y:\VME\vme06\asci\RCMDS\TRIG\initTrig_slct_gl_sca --> saho /home/tamidaq/VMEbackup/APR2002/vme06/asci/RCMDS/TRIG initTrig_slct_gl_sca
102.04.16 19:17 A Y:\VME\vme06\asci\RCMDS\TRIG\initTrig_slct_gl_sca_apr99 --> saho /home/tamidaq/VMEbackup/APR2002/vme06/asci/RCMDS/TRIG initTrig_slct_gl_sca_apr99
102.04.16 19:17 A Y:\VME\vme06\asci\RCMDS\TRIG\initTrig_slct_glc --> saho /home/tamidaq/VMEbackup/APR2002/vme06/asci/RCMDS/TRIG initTrig_slct_glc
102.04.16 19:17 A Y:\VME\vme06\asci\RCMDS\TRIG\initTrig_slct_glf --> saho /home/tamidaq/VMEbackup/APR2002/vme06/asci/RCMDS/TRIG initTrig_slct_glf
102.04.16 19:17 A Y:\VME\vme06\asci\RCMDS\TRIG\initTrig_slct_glf2l --> saho /home/tamidaq/VMEbackup/APR2002/vme06/asci/RCMDS/TRIG initTrig_slct_glf2l
102.04.16 19:17 A Y:\VME\vme06\asci\RCMDS\TRIG\initTrig_slct_glf_bf99jul --> saho /home/tamidaq/VMEbackup/APR2002/vme06/asci/RCMDS/TRIG initTrig_slct_glf_bf99jul
102.04.16 19:17 A Y:\VME\vme06\asci\RCMDS\TRIG\initTrig_slct_glo --> saho /home/tamidaq/VMEbackup/APR2002/vme06/asci/RCMDS/TRIG initTrig_slct_glo
102.04.16 19:17 A Y:\VME\vme06\asci\RCMDS\TRIG\initTrig_slct_glo_bak --> saho /home/tamidaq/VMEbackup/APR2002/vme06/asci/RCMDS/TRIG initTrig_slct_glo_bak
102.04.16 19:17 A Y:\VME\vme06\asci\RCMDS\TRIG\initTrig_slct_glo_or --> saho /home/tamidaq/VMEbackup/APR2002/vme06/asci/RCMDS/TRIG initTrig_slct_glo_or
102.04.16 19:17 A Y:\VME\vme06\asci\RCMDS\TRIG\initTrig_slct_glo_std --> saho /home/tamidaq/VMEbackup/APR2002/vme06/asci/RCMDS/TRIG initTrig_slct_glo_std
102.04.16 19:17 A Y:\VME\vme06\asci\RCMDS\TRIG\initTrig_slct_grc --> saho /home/tamidaq/VMEbackup/APR2002/vme06/asci/RCMDS/TRIG initTrig_slct_grc
102.04.16 19:17 A Y:\VME\vme06\asci\RCMDS\TRIG\inittrig_slct_grc_bf09jun01 --> saho /home/tamidaq/VMEbackup/APR2002/vme06/asci/RCMDS/TRIG inittrig_slct_grc_bf09jun01
102.04.16 19:17 A Y:\VME\vme06\asci\RCMDS\TRIG\initTrig_slct_grc_bf14mar02 --> saho /home/tamidaq/VMEbackup/APR2002/vme06/asci/RCMDS/TRIG initTrig_slct_grc_bf14mar02
102.04.16 19:17 A Y:\VME\vme06\asci\RCMDS\TRIG\initTrig_slct_grcfpp_0pol --> saho /home/tamidaq/VMEbackup/APR2002/vme06/asci/RCMDS/TRIG initTrig_slct_grcfpp_0pol
102.04.16 19:17 A Y:\VME\vme06\asci\RCMDS\TRIG\initTrig_slct_grcfpp_0polbak --> saho /home/tamidaq/VMEbackup/APR2002/vme06/asci/RCMDS/TRIG initTrig_slct_grcfpp_0polbak
102.04.16 19:17 A Y:\VME\vme06\asci\RCMDS\TRIG\initTrig_slct_grcfpp_0poljun --> saho /home/tamidaq/VMEbackup/APR2002/vme06/asci/RCMDS/TRIG initTrig_slct_grcfpp_0poljun
102.04.16 19:17 A Y:\VME\vme06\asci\RCMDS\TRIG\initTrig_slct_grcj --> saho /home/tamidaq/VMEbackup/APR2002/vme06/asci/RCMDS/TRIG initTrig_slct_grcj
102.04.16 19:17 A Y:\VME\vme06\asci\RCMDS\TRIG\initTrig_slct_gre --> saho /home/tamidaq/VMEbackup/APR2002/vme06/asci/RCMDS/TRIG initTrig_slct_gre
102.04.16 19:17 A Y:\VME\vme06\asci\RCMDS\TRIG\initTrig_slct_grfera --> saho /home/tamidaq/VMEbackup/APR2002/vme06/asci/RCMDS/TRIG initTrig_slct_grfera
102.04.16 19:17 A Y:\VME\vme06\asci\RCMDS\TRIG\initTrig_slct_grfpp --> saho /home/tamidaq/VMEbackup/APR2002/vme06/asci/RCMDS/TRIG initTrig_slct_grfpp
102.04.16 19:17 A Y:\VME\vme06\asci\RCMDS\TRIG\initTrig_slct_grfpp_0pol --> saho /home/tamidaq/VMEbackup/APR2002/vme06/asci/RCMDS/TRIG initTrig_slct_grfpp_0pol
102.04.16 19:17 A Y:\VME\vme06\asci\RCMDS\TRIG\initTrig_slct_grfpp_980225 --> saho /home/tamidaq/VMEbackup/APR2002/vme06/asci/RCMDS/TRIG initTrig_slct_grfpp_980225
102.04.16 19:17 A Y:\VME\vme06\asci\RCMDS\TRIG\inittrig_slct_grfpp_e157 --> saho /home/tamidaq/VMEbackup/APR2002/vme06/asci/RCMDS/TRIG inittrig_slct_grfpp_e157
102.04.16 19:17 A Y:\VME\vme06\asci\RCMDS\TRIG\inittrig_slct_grfpp_e157_3 --> saho /home/tamidaq/VMEbackup/APR2002/vme06/asci/RCMDS/TRIG inittrig_slct_grfpp_e157_3
102.04.16 19:17 A Y:\VME\vme06\asci\RCMDS\TRIG\initTrig_slct_grfpplass --> saho /home/tamidaq/VMEbackup/APR2002/vme06/asci/RCMDS/TRIG initTrig_slct_grfpplass
102.04.16 19:17 A Y:\VME\vme06\asci\RCMDS\TRIG\initTrig_slct_grfpplass_apr --> saho /home/tamidaq/VMEbackup/APR2002/vme06/asci/RCMDS/TRIG initTrig_slct_grfpplass_apr
102.04.16 19:17 A Y:\VME\vme06\asci\RCMDS\TRIG\initTrig_slct_grfpplass_dec --> saho /home/tamidaq/VMEbackup/APR2002/vme06/asci/RCMDS/TRIG initTrig_slct_grfpplass_dec
102.04.16 19:17 A Y:\VME\vme06\asci\RCMDS\TRIG\initTrig_slct_grfpplass_jun --> saho /home/tamidaq/VMEbackup/APR2002/vme06/asci/RCMDS/TRIG initTrig_slct_grfpplass_jun
102.04.16 19:17 A Y:\VME\vme06\asci\RCMDS\TRIG\initTrig_slct_grj11 --> saho /home/tamidaq/VMEbackup/APR2002/vme06/asci/RCMDS/TRIG initTrig_slct_grj11
102.04.16 19:17 A Y:\VME\vme06\asci\RCMDS\TRIG\initTrig_slct_grs --> saho /home/tamidaq/VMEbackup/APR2002/vme06/asci/RCMDS/TRIG initTrig_slct_grs
102.04.16 19:17 A Y:\VME\vme06\asci\RCMDS\TRIG\inittrig_slct_grs_0pol --> saho /home/tamidaq/VMEbackup/APR2002/vme06/asci/RCMDS/TRIG inittrig_slct_grs_0pol
102.04.16 19:17 A Y:\VME\vme06\asci\RCMDS\TRIG\initTrig_slct_grs_1 --> saho /home/tamidaq/VMEbackup/APR2002/vme06/asci/RCMDS/TRIG initTrig_slct_grs_1
102.04.16 19:17 A Y:\VME\vme06\asci\RCMDS\TRIG\initTrig_slct_grs_2 --> saho /home/tamidaq/VMEbackup/APR2002/vme06/asci/RCMDS/TRIG initTrig_slct_grs_2
102.04.16 19:17 A Y:\VME\vme06\asci\RCMDS\TRIG\initTrig_slct_grs_bf990404 --> saho /home/tamidaq/VMEbackup/APR2002/vme06/asci/RCMDS/TRIG initTrig_slct_grs_bf990404
102.04.16 19:17 A Y:\VME\vme06\asci\RCMDS\TRIG\initTrig_slct_grs_old --> saho /home/tamidaq/VMEbackup/APR2002/vme06/asci/RCMDS/TRIG initTrig_slct_grs_old
102.04.16 19:17 A Y:\VME\vme06\asci\RCMDS\TRIG\initTrig_slct_grssd_Mar97 --> saho /home/tamidaq/VMEbackup/APR2002/vme06/asci/RCMDS/TRIG initTrig_slct_grssd_Mar97
102.04.16 19:17 A Y:\VME\vme06\asci\RCMDS\TRIG\initTrig_slct_gsls --> saho /home/tamidaq/VMEbackup/APR2002/vme06/asci/RCMDS/TRIG initTrig_slct_gsls
102.04.16 19:17 A Y:\VME\vme06\asci\RCMDS\TRIG\initTrig_slct_gsls_e126 --> saho /home/tamidaq/VMEbackup/APR2002/vme06/asci/RCMDS/TRIG initTrig_slct_gsls_e126
102.04.16 19:17 A Y:\VME\vme06\asci\RCMDS\TRIG\initTrig_slct_las2l --> saho /home/tamidaq/VMEbackup/APR2002/vme06/asci/RCMDS/TRIG initTrig_slct_las2l
102.04.16 19:17 A Y:\VME\vme06\asci\RCMDS\TRIG\initTrig_slct_np --> saho /home/tamidaq/VMEbackup/APR2002/vme06/asci/RCMDS/TRIG initTrig_slct_np
102.04.16 19:17 A Y:\VME\vme06\asci\RCMDS\TRIG\initTrig_slct_np.old --> saho /home/tamidaq/VMEbackup/APR2002/vme06/asci/RCMDS/TRIG initTrig_slct_np.old
102.04.16 19:17 A Y:\VME\vme06\asci\RCMDS\TRIG\initTrig_slct_ppG --> saho /home/tamidaq/VMEbackup/APR2002/vme06/asci/RCMDS/TRIG initTrig_slct_ppG
102.04.16 19:17 A Y:\VME\vme06\asci\RCMDS\TRIG\initTrig_slct_ppG_Apr97 --> saho /home/tamidaq/VMEbackup/APR2002/vme06/asci/RCMDS/TRIG initTrig_slct_ppG_Apr97
102.04.16 19:17 A Y:\VME\vme06\asci\RCMDS\TRIG\triginit.old --> saho /home/tamidaq/VMEbackup/APR2002/vme06/asci/RCMDS/TRIG triginit.old
102.04.16 19:17 A Y:\VME\vme06\asci\RCMDS\TRIG\triginit_bak_1 --> saho /home/tamidaq/VMEbackup/APR2002/vme06/asci/RCMDS/TRIG triginit_bak_1
102.04.16 19:17 A Y:\VME\vme06\asci\RCMDS\TRIG\triginit_e112 --> saho /home/tamidaq/VMEbackup/APR2002/vme06/asci/RCMDS/TRIG triginit_e112
102.04.16 19:17 A Y:\VME\vme06\asci\RCMDS\TRIG\triginit_gel --> saho /home/tamidaq/VMEbackup/APR2002/vme06/asci/RCMDS/TRIG triginit_gel
102.04.16 19:17 A Y:\VME\vme06\asci\RCMDS\TRIG\triginit_gel_jun2000 --> saho /home/tamidaq/VMEbackup/APR2002/vme06/asci/RCMDS/TRIG triginit_gel_jun2000
102.04.16 19:17 A Y:\VME\vme06\asci\RCMDS\TRIG\triginit_gfl --> saho /home/tamidaq/VMEbackup/APR2002/vme06/asci/RCMDS/TRIG triginit_gfl
102.04.16 19:17 A Y:\VME\vme06\asci\RCMDS\TRIG\triginit_gfl_11jul98 --> saho /home/tamidaq/VMEbackup/APR2002/vme06/asci/RCMDS/TRIG triginit_gfl_11jul98
102.04.16 19:17 A Y:\VME\vme06\asci\RCMDS\TRIG\triginit_gfl_Dec1999 --> saho /home/tamidaq/VMEbackup/APR2002/vme06/asci/RCMDS/TRIG triginit_gfl_Dec1999
102.04.16 19:17 A Y:\VME\vme06\asci\RCMDS\TRIG\triginit_gfl_Dec98 --> saho /home/tamidaq/VMEbackup/APR2002/vme06/asci/RCMDS/TRIG triginit_gfl_Dec98
102.04.16 19:17 A Y:\VME\vme06\asci\RCMDS\TRIG\triginit_gfl_e146 --> saho /home/tamidaq/VMEbackup/APR2002/vme06/asci/RCMDS/TRIG triginit_gfl_e146
102.04.16 19:17 A Y:\VME\vme06\asci\RCMDS\TRIG\triginit_gfl_jun2000 --> saho /home/tamidaq/VMEbackup/APR2002/vme06/asci/RCMDS/TRIG triginit_gfl_jun2000
102.04.16 19:17 A Y:\VME\vme06\asci\RCMDS\TRIG\triginit_gflf --> saho /home/tamidaq/VMEbackup/APR2002/vme06/asci/RCMDS/TRIG triginit_gflf
102.04.16 19:17 A Y:\VME\vme06\asci\RCMDS\TRIG\triginit_gflft --> saho /home/tamidaq/VMEbackup/APR2002/vme06/asci/RCMDS/TRIG triginit_gflft
102.04.16 19:17 A Y:\VME\vme06\asci\RCMDS\TRIG\triginit_gl --> saho /home/tamidaq/VMEbackup/APR2002/vme06/asci/RCMDS/TRIG triginit_gl
102.04.16 19:17 A Y:\VME\vme06\asci\RCMDS\TRIG\triginit_gl2 --> saho /home/tamidaq/VMEbackup/APR2002/vme06/asci/RCMDS/TRIG triginit_gl2
102.04.16 19:17 A Y:\VME\vme06\asci\RCMDS\TRIG\triginit_gl2l --> saho /home/tamidaq/VMEbackup/APR2002/vme06/asci/RCMDS/TRIG triginit_gl2l
102.04.16 19:17 A Y:\VME\vme06\asci\RCMDS\TRIG\triginit_gl2l_1 --> saho /home/tamidaq/VMEbackup/APR2002/vme06/asci/RCMDS/TRIG triginit_gl2l_1
102.04.16 19:17 A Y:\VME\vme06\asci\RCMDS\TRIG\triginit_gl2l_jul99 --> saho /home/tamidaq/VMEbackup/APR2002/vme06/asci/RCMDS/TRIG triginit_gl2l_jul99
102.04.16 19:17 A Y:\VME\vme06\asci\RCMDS\TRIG\triginit_gl2l_x --> saho /home/tamidaq/VMEbackup/APR2002/vme06/asci/RCMDS/TRIG triginit_gl2l_x
102.04.16 19:17 A Y:\VME\vme06\asci\RCMDS\TRIG\triginit_gl_bak --> saho /home/tamidaq/VMEbackup/APR2002/vme06/asci/RCMDS/TRIG triginit_gl_bak
102.04.16 19:17 A Y:\VME\vme06\asci\RCMDS\TRIG\triginit_gl_bfnov99 --> saho /home/tamidaq/VMEbackup/APR2002/vme06/asci/RCMDS/TRIG triginit_gl_bfnov99
102.04.16 19:17 A Y:\VME\vme06\asci\RCMDS\TRIG\triginit_gl_jul98 --> saho /home/tamidaq/VMEbackup/APR2002/vme06/asci/RCMDS/TRIG triginit_gl_jul98
102.04.16 19:17 A Y:\VME\vme06\asci\RCMDS\TRIG\triginit_gl_nov99 --> saho /home/tamidaq/VMEbackup/APR2002/vme06/asci/RCMDS/TRIG triginit_gl_nov99
102.04.16 19:17 A Y:\VME\vme06\asci\RCMDS\TRIG\triginit_gl_sca --> saho /home/tamidaq/VMEbackup/APR2002/vme06/asci/RCMDS/TRIG triginit_gl_sca
102.04.16 19:17 A Y:\VME\vme06\asci\RCMDS\TRIG\triginit_gl_sca_apr99 --> saho /home/tamidaq/VMEbackup/APR2002/vme06/asci/RCMDS/TRIG triginit_gl_sca_apr99
102.04.16 19:17 A Y:\VME\vme06\asci\RCMDS\TRIG\triginit_glc --> saho /home/tamidaq/VMEbackup/APR2002/vme06/asci/RCMDS/TRIG triginit_glc
102.04.16 19:17 A Y:\VME\vme06\asci\RCMDS\TRIG\triginit_glf --> saho /home/tamidaq/VMEbackup/APR2002/vme06/asci/RCMDS/TRIG triginit_glf
102.04.16 19:17 A Y:\VME\vme06\asci\RCMDS\TRIG\triginit_glf2l --> saho /home/tamidaq/VMEbackup/APR2002/vme06/asci/RCMDS/TRIG triginit_glf2l
102.04.16 19:17 A Y:\VME\vme06\asci\RCMDS\TRIG\triginit_glf_bf99jul --> saho /home/tamidaq/VMEbackup/APR2002/vme06/asci/RCMDS/TRIG triginit_glf_bf99jul
102.04.16 19:17 A Y:\VME\vme06\asci\RCMDS\TRIG\triginit_glo --> saho /home/tamidaq/VMEbackup/APR2002/vme06/asci/RCMDS/TRIG triginit_glo
102.04.16 19:17 A Y:\VME\vme06\asci\RCMDS\TRIG\triginit_grc --> saho /home/tamidaq/VMEbackup/APR2002/vme06/asci/RCMDS/TRIG triginit_grc
102.04.16 19:17 A Y:\VME\vme06\asci\RCMDS\TRIG\triginit_grcfpp_0pol --> saho /home/tamidaq/VMEbackup/APR2002/vme06/asci/RCMDS/TRIG triginit_grcfpp_0pol
102.04.16 19:17 A Y:\VME\vme06\asci\RCMDS\TRIG\triginit_grcfpp_0pol_jun2000 --> saho /home/tamidaq/VMEbackup/APR2002/vme06/asci/RCMDS/TRIG triginit_grcfpp_0pol_jun2000
102.04.16 19:17 A Y:\VME\vme06\asci\RCMDS\TRIG\triginit_grcj --> saho /home/tamidaq/VMEbackup/APR2002/vme06/asci/RCMDS/TRIG triginit_grcj
102.04.16 19:17 A Y:\VME\vme06\asci\RCMDS\TRIG\triginit_gre --> saho /home/tamidaq/VMEbackup/APR2002/vme06/asci/RCMDS/TRIG triginit_gre
102.04.16 19:17 A Y:\VME\vme06\asci\RCMDS\TRIG\triginit_grfera --> saho /home/tamidaq/VMEbackup/APR2002/vme06/asci/RCMDS/TRIG triginit_grfera
102.04.16 19:17 A Y:\VME\vme06\asci\RCMDS\TRIG\triginit_grfera_98Oct --> saho /home/tamidaq/VMEbackup/APR2002/vme06/asci/RCMDS/TRIG triginit_grfera_98Oct
102.04.16 19:17 A Y:\VME\vme06\asci\RCMDS\TRIG\triginit_grfpp --> saho /home/tamidaq/VMEbackup/APR2002/vme06/asci/RCMDS/TRIG triginit_grfpp
102.04.16 19:17 A Y:\VME\vme06\asci\RCMDS\TRIG\triginit_grfpp_0pol --> saho /home/tamidaq/VMEbackup/APR2002/vme06/asci/RCMDS/TRIG triginit_grfpp_0pol
102.04.16 19:17 A Y:\VME\vme06\asci\RCMDS\TRIG\triginit_grfpp_980223 --> saho /home/tamidaq/VMEbackup/APR2002/vme06/asci/RCMDS/TRIG triginit_grfpp_980223
102.04.16 19:17 A Y:\VME\vme06\asci\RCMDS\TRIG\triginit_grfpp_e157 --> saho /home/tamidaq/VMEbackup/APR2002/vme06/asci/RCMDS/TRIG triginit_grfpp_e157
102.04.16 19:17 A Y:\VME\vme06\asci\RCMDS\TRIG\triginit_grfpp_Nov98 --> saho /home/tamidaq/VMEbackup/APR2002/vme06/asci/RCMDS/TRIG triginit_grfpp_Nov98
102.04.16 19:17 A Y:\VME\vme06\asci\RCMDS\TRIG\triginit_grfpplass --> saho /home/tamidaq/VMEbackup/APR2002/vme06/asci/RCMDS/TRIG triginit_grfpplass
102.04.16 19:17 A Y:\VME\vme06\asci\RCMDS\TRIG\triginit_grfpplass_apr2000 --> saho /home/tamidaq/VMEbackup/APR2002/vme06/asci/RCMDS/TRIG triginit_grfpplass_apr2000
102.04.16 19:17 A Y:\VME\vme06\asci\RCMDS\TRIG\triginit_grfpplass_dec1999 --> saho /home/tamidaq/VMEbackup/APR2002/vme06/asci/RCMDS/TRIG triginit_grfpplass_dec1999
102.04.16 19:17 A Y:\VME\vme06\asci\RCMDS\TRIG\triginit_grfpplass_jun2000 --> saho /home/tamidaq/VMEbackup/APR2002/vme06/asci/RCMDS/TRIG triginit_grfpplass_jun2000
102.04.16 19:17 A Y:\VME\vme06\asci\RCMDS\TRIG\triginit_grj11 --> saho /home/tamidaq/VMEbackup/APR2002/vme06/asci/RCMDS/TRIG triginit_grj11
102.04.16 19:17 A Y:\VME\vme06\asci\RCMDS\TRIG\triginit_grj11.old --> saho /home/tamidaq/VMEbackup/APR2002/vme06/asci/RCMDS/TRIG triginit_grj11.old
102.04.16 19:17 A Y:\VME\vme06\asci\RCMDS\TRIG\triginit_grs --> saho /home/tamidaq/VMEbackup/APR2002/vme06/asci/RCMDS/TRIG triginit_grs
102.04.16 19:17 A Y:\VME\vme06\asci\RCMDS\TRIG\triginit_grs_0pol --> saho /home/tamidaq/VMEbackup/APR2002/vme06/asci/RCMDS/TRIG triginit_grs_0pol
102.04.16 19:17 A Y:\VME\vme06\asci\RCMDS\TRIG\triginit_grs_1 --> saho /home/tamidaq/VMEbackup/APR2002/vme06/asci/RCMDS/TRIG triginit_grs_1
102.04.16 19:17 A Y:\VME\vme06\asci\RCMDS\TRIG\triginit_grs_2 --> saho /home/tamidaq/VMEbackup/APR2002/vme06/asci/RCMDS/TRIG triginit_grs_2
102.04.16 19:17 A Y:\VME\vme06\asci\RCMDS\TRIG\triginit_grs_bf990404 --> saho /home/tamidaq/VMEbackup/APR2002/vme06/asci/RCMDS/TRIG triginit_grs_bf990404
102.04.16 19:17 A Y:\VME\vme06\asci\RCMDS\TRIG\triginit_grs_bfdec99 --> saho /home/tamidaq/VMEbackup/APR2002/vme06/asci/RCMDS/TRIG triginit_grs_bfdec99
102.04.16 19:17 A Y:\VME\vme06\asci\RCMDS\TRIG\triginit_grs_bfnov99 --> saho /home/tamidaq/VMEbackup/APR2002/vme06/asci/RCMDS/TRIG triginit_grs_bfnov99
102.04.16 19:17 A Y:\VME\vme06\asci\RCMDS\TRIG\triginit_grs_old --> saho /home/tamidaq/VMEbackup/APR2002/vme06/asci/RCMDS/TRIG triginit_grs_old
102.04.16 19:17 A Y:\VME\vme06\asci\RCMDS\TRIG\triginit_grssd_97mar --> saho /home/tamidaq/VMEbackup/APR2002/vme06/asci/RCMDS/TRIG triginit_grssd_97mar
102.04.16 19:17 A Y:\VME\vme06\asci\RCMDS\TRIG\triginit_grssd_old --> saho /home/tamidaq/VMEbackup/APR2002/vme06/asci/RCMDS/TRIG triginit_grssd_old
102.04.16 19:17 A Y:\VME\vme06\asci\RCMDS\TRIG\triginit_gsls --> saho /home/tamidaq/VMEbackup/APR2002/vme06/asci/RCMDS/TRIG triginit_gsls
102.04.16 19:17 A Y:\VME\vme06\asci\RCMDS\TRIG\triginit_gsls_990525 --> saho /home/tamidaq/VMEbackup/APR2002/vme06/asci/RCMDS/TRIG triginit_gsls_990525
102.04.16 19:17 A Y:\VME\vme06\asci\RCMDS\TRIG\triginit_gsls_e126 --> saho /home/tamidaq/VMEbackup/APR2002/vme06/asci/RCMDS/TRIG triginit_gsls_e126
102.04.16 19:17 A Y:\VME\vme06\asci\RCMDS\TRIG\triginit_las2l --> saho /home/tamidaq/VMEbackup/APR2002/vme06/asci/RCMDS/TRIG triginit_las2l
102.04.16 19:17 A Y:\VME\vme06\asci\RCMDS\TRIG\triginit_las2l_27sep99 --> saho /home/tamidaq/VMEbackup/APR2002/vme06/asci/RCMDS/TRIG triginit_las2l_27sep99
102.04.16 19:17 A Y:\VME\vme06\asci\RCMDS\TRIG\triginit_liben_98jan --> saho /home/tamidaq/VMEbackup/APR2002/vme06/asci/RCMDS/TRIG triginit_liben_98jan
102.04.16 19:17 A Y:\VME\vme06\asci\RCMDS\TRIG\triginit_nopcos --> saho /home/tamidaq/VMEbackup/APR2002/vme06/asci/RCMDS/TRIG triginit_nopcos
102.04.16 19:17 A Y:\VME\vme06\asci\RCMDS\TRIG\triginit_np --> saho /home/tamidaq/VMEbackup/APR2002/vme06/asci/RCMDS/TRIG triginit_np
102.04.16 19:17 A Y:\VME\vme06\asci\RCMDS\TRIG\triginit_np.old --> saho /home/tamidaq/VMEbackup/APR2002/vme06/asci/RCMDS/TRIG triginit_np.old
102.04.16 19:17 A Y:\VME\vme06\asci\RCMDS\TRIG\triginit_np.old2 --> saho /home/tamidaq/VMEbackup/APR2002/vme06/asci/RCMDS/TRIG triginit_np.old2
102.04.16 19:17 A Y:\VME\vme06\asci\RCMDS\TRIG\triginit_p2p_Feb97 --> saho /home/tamidaq/VMEbackup/APR2002/vme06/asci/RCMDS/TRIG triginit_p2p_Feb97
102.04.16 19:17 A Y:\VME\vme06\asci\RCMDS\TRIG\triginit_p2pfpp --> saho /home/tamidaq/VMEbackup/APR2002/vme06/asci/RCMDS/TRIG triginit_p2pfpp
102.04.16 19:17 A Y:\VME\vme06\asci\RCMDS\TRIG\triginit_ppG_Mar97 --> saho /home/tamidaq/VMEbackup/APR2002/vme06/asci/RCMDS/TRIG triginit_ppG_Mar97
