102.04.16 19:06 B Y:\VME\vme06\binary\GR\BIT\MAINTRIG\fgc_t1.bit <-- vme06 /h0/GR/BIT/MAINTRIG fgc_t1.bit
102.04.16 19:06 B Y:\VME\vme06\binary\GR\BIT\MAINTRIG\fgc_t1_0.bit <-- vme06 /h0/GR/BIT/MAINTRIG fgc_t1_0.bit
102.04.16 19:06 B Y:\VME\vme06\binary\GR\BIT\MAINTRIG\Fgcf.bit <-- vme06 /h0/GR/BIT/MAINTRIG Fgcf.bit
102.04.16 19:06 B Y:\VME\vme06\binary\GR\BIT\MAINTRIG\fgcf_t1.bit <-- vme06 /h0/GR/BIT/MAINTRIG fgcf_t1.bit
102.04.16 19:06 B Y:\VME\vme06\binary\GR\BIT\MAINTRIG\fgcf_t2.bit <-- vme06 /h0/GR/BIT/MAINTRIG fgcf_t2.bit
102.04.16 19:06 B Y:\VME\vme06\binary\GR\BIT\MAINTRIG\fgcf_t3.bit <-- vme06 /h0/GR/BIT/MAINTRIG fgcf_t3.bit
102.04.16 19:06 B Y:\VME\vme06\binary\GR\BIT\MAINTRIG\fgcf_t4.bit <-- vme06 /h0/GR/BIT/MAINTRIG fgcf_t4.bit
102.04.16 19:06 B Y:\VME\vme06\binary\GR\BIT\MAINTRIG\Fgfl.bit <-- vme06 /h0/GR/BIT/MAINTRIG Fgfl.bit
102.04.16 19:06 B Y:\VME\vme06\binary\GR\BIT\MAINTRIG\fgfl_t3.bit <-- vme06 /h0/GR/BIT/MAINTRIG fgfl_t3.bit
102.04.16 19:06 B Y:\VME\vme06\binary\GR\BIT\MAINTRIG\fgfl_t5.bit <-- vme06 /h0/GR/BIT/MAINTRIG fgfl_t5.bit
102.04.16 19:06 B Y:\VME\vme06\binary\GR\BIT\MAINTRIG\Fgfls.bit <-- vme06 /h0/GR/BIT/MAINTRIG Fgfls.bit
102.04.16 19:06 B Y:\VME\vme06\binary\GR\BIT\MAINTRIG\fgflst1.bit <-- vme06 /h0/GR/BIT/MAINTRIG fgflst1.bit
102.04.16 19:06 B Y:\VME\vme06\binary\GR\BIT\MAINTRIG\fgflst2.bit <-- vme06 /h0/GR/BIT/MAINTRIG fgflst2.bit
102.04.16 19:06 B Y:\VME\vme06\binary\GR\BIT\MAINTRIG\fgflst3.bit <-- vme06 /h0/GR/BIT/MAINTRIG fgflst3.bit
102.04.16 19:06 B Y:\VME\vme06\binary\GR\BIT\MAINTRIG\Fgl.bit <-- vme06 /h0/GR/BIT/MAINTRIG Fgl.bit
102.04.16 19:06 B Y:\VME\vme06\binary\GR\BIT\MAINTRIG\fgl2_t1.bit <-- vme06 /h0/GR/BIT/MAINTRIG fgl2_t1.bit
102.04.16 19:06 B Y:\VME\vme06\binary\GR\BIT\MAINTRIG\fgl_t1.bit <-- vme06 /h0/GR/BIT/MAINTRIG fgl_t1.bit
102.04.16 19:06 B Y:\VME\vme06\binary\GR\BIT\MAINTRIG\fgl_t1_1.bit <-- vme06 /h0/GR/BIT/MAINTRIG fgl_t1_1.bit
102.04.16 19:06 B Y:\VME\vme06\binary\GR\BIT\MAINTRIG\fgl_t1_2.bit <-- vme06 /h0/GR/BIT/MAINTRIG fgl_t1_2.bit
102.04.16 19:06 B Y:\VME\vme06\binary\GR\BIT\MAINTRIG\fgl_t2.bit <-- vme06 /h0/GR/BIT/MAINTRIG fgl_t2.bit
102.04.16 19:06 B Y:\VME\vme06\binary\GR\BIT\MAINTRIG\fgl_t3.bit <-- vme06 /h0/GR/BIT/MAINTRIG fgl_t3.bit
102.04.16 19:06 B Y:\VME\vme06\binary\GR\BIT\MAINTRIG\Fglc.bit <-- vme06 /h0/GR/BIT/MAINTRIG Fglc.bit
102.04.16 19:06 B Y:\VME\vme06\binary\GR\BIT\MAINTRIG\fglc_t1.bit <-- vme06 /h0/GR/BIT/MAINTRIG fglc_t1.bit
102.04.16 19:06 B Y:\VME\vme06\binary\GR\BIT\MAINTRIG\Fglf.bit <-- vme06 /h0/GR/BIT/MAINTRIG Fglf.bit
102.04.16 19:06 B Y:\VME\vme06\binary\GR\BIT\MAINTRIG\fglf_s4.bit <-- vme06 /h0/GR/BIT/MAINTRIG fglf_s4.bit
102.04.16 19:06 B Y:\VME\vme06\binary\GR\BIT\MAINTRIG\fglf_t2.bit <-- vme06 /h0/GR/BIT/MAINTRIG fglf_t2.bit
102.04.16 19:06 B Y:\VME\vme06\binary\GR\BIT\MAINTRIG\fglf_t3.bit <-- vme06 /h0/GR/BIT/MAINTRIG fglf_t3.bit
102.04.16 19:06 B Y:\VME\vme06\binary\GR\BIT\MAINTRIG\fglf_t4.bit <-- vme06 /h0/GR/BIT/MAINTRIG fglf_t4.bit
102.04.16 19:06 B Y:\VME\vme06\binary\GR\BIT\MAINTRIG\Fglfs.bit <-- vme06 /h0/GR/BIT/MAINTRIG Fglfs.bit
102.04.16 19:06 B Y:\VME\vme06\binary\GR\BIT\MAINTRIG\fglftt1.bit <-- vme06 /h0/GR/BIT/MAINTRIG fglftt1.bit
102.04.16 19:06 B Y:\VME\vme06\binary\GR\BIT\MAINTRIG\Fglo.bit <-- vme06 /h0/GR/BIT/MAINTRIG Fglo.bit
102.04.16 19:06 B Y:\VME\vme06\binary\GR\BIT\MAINTRIG\fglo_t1.bit <-- vme06 /h0/GR/BIT/MAINTRIG fglo_t1.bit
102.04.16 19:06 B Y:\VME\vme06\binary\GR\BIT\MAINTRIG\fglo_t2.bit <-- vme06 /h0/GR/BIT/MAINTRIG fglo_t2.bit
102.04.16 19:06 B Y:\VME\vme06\binary\GR\BIT\MAINTRIG\Fgls.bit <-- vme06 /h0/GR/BIT/MAINTRIG Fgls.bit
102.04.16 19:06 B Y:\VME\vme06\binary\GR\BIT\MAINTRIG\fgls_t1.bit <-- vme06 /h0/GR/BIT/MAINTRIG fgls_t1.bit
102.04.16 19:06 B Y:\VME\vme06\binary\GR\BIT\MAINTRIG\Fgrc.bit <-- vme06 /h0/GR/BIT/MAINTRIG Fgrc.bit
102.04.16 19:06 B Y:\VME\vme06\binary\GR\BIT\MAINTRIG\fgrc_t1.bit <-- vme06 /h0/GR/BIT/MAINTRIG fgrc_t1.bit
102.04.16 19:06 B Y:\VME\vme06\binary\GR\BIT\MAINTRIG\fgrc_t1_0.bit <-- vme06 /h0/GR/BIT/MAINTRIG fgrc_t1_0.bit
102.04.16 19:06 B Y:\VME\vme06\binary\GR\BIT\MAINTRIG\fgrc_t2.bit <-- vme06 /h0/GR/BIT/MAINTRIG fgrc_t2.bit
102.04.16 19:06 B Y:\VME\vme06\binary\GR\BIT\MAINTRIG\fgrc_t2_mari.bit <-- vme06 /h0/GR/BIT/MAINTRIG fgrc_t2_mari.bit
102.04.16 19:06 B Y:\VME\vme06\binary\GR\BIT\MAINTRIG\fgrc_t2_miho.bit <-- vme06 /h0/GR/BIT/MAINTRIG fgrc_t2_miho.bit
102.04.16 19:06 B Y:\VME\vme06\binary\GR\BIT\MAINTRIG\fgrc_t2_vme.bit <-- vme06 /h0/GR/BIT/MAINTRIG fgrc_t2_vme.bit
102.04.16 19:06 B Y:\VME\vme06\binary\GR\BIT\MAINTRIG\fgrc_t3.bit <-- vme06 /h0/GR/BIT/MAINTRIG fgrc_t3.bit
102.04.16 19:06 B Y:\VME\vme06\binary\GR\BIT\MAINTRIG\fgrc_t4.bit <-- vme06 /h0/GR/BIT/MAINTRIG fgrc_t4.bit
102.04.16 19:06 B Y:\VME\vme06\binary\GR\BIT\MAINTRIG\fgrc_t5.bit <-- vme06 /h0/GR/BIT/MAINTRIG fgrc_t5.bit
102.04.16 19:06 B Y:\VME\vme06\binary\GR\BIT\MAINTRIG\fgrc_t6.bit <-- vme06 /h0/GR/BIT/MAINTRIG fgrc_t6.bit
102.04.16 19:06 B Y:\VME\vme06\binary\GR\BIT\MAINTRIG\Fgrf.bit <-- vme06 /h0/GR/BIT/MAINTRIG Fgrf.bit
102.04.16 19:06 B Y:\VME\vme06\binary\GR\BIT\MAINTRIG\fgrf_t4.bit <-- vme06 /h0/GR/BIT/MAINTRIG fgrf_t4.bit
102.04.16 19:06 B Y:\VME\vme06\binary\GR\BIT\MAINTRIG\Fgrs.bit <-- vme06 /h0/GR/BIT/MAINTRIG Fgrs.bit
102.04.16 19:06 B Y:\VME\vme06\binary\GR\BIT\MAINTRIG\fgrs_t1.bit <-- vme06 /h0/GR/BIT/MAINTRIG fgrs_t1.bit
102.04.16 19:06 B Y:\VME\vme06\binary\GR\BIT\MAINTRIG\fgrs_t2.bit <-- vme06 /h0/GR/BIT/MAINTRIG fgrs_t2.bit
102.04.16 19:06 B Y:\VME\vme06\binary\GR\BIT\MAINTRIG\fgsf_t2.bit <-- vme06 /h0/GR/BIT/MAINTRIG fgsf_t2.bit
102.04.16 19:06 B Y:\VME\vme06\binary\GR\BIT\MAINTRIG\fgsf_t3.bit <-- vme06 /h0/GR/BIT/MAINTRIG fgsf_t3.bit
102.04.16 19:06 B Y:\VME\vme06\binary\GR\BIT\MAINTRIG\fgsf_t3_0.bit <-- vme06 /h0/GR/BIT/MAINTRIG fgsf_t3_0.bit
102.04.16 19:06 B Y:\VME\vme06\binary\GR\BIT\MAINTRIG\Fl2l.bit <-- vme06 /h0/GR/BIT/MAINTRIG Fl2l.bit
102.04.16 19:06 B Y:\VME\vme06\binary\GR\BIT\MAINTRIG\fl2l_t1.bit <-- vme06 /h0/GR/BIT/MAINTRIG fl2l_t1.bit
102.04.16 19:06 B Y:\VME\vme06\binary\GR\BIT\MAINTRIG\fl2l_t2.bit <-- vme06 /h0/GR/BIT/MAINTRIG fl2l_t2.bit
102.04.16 19:06 B Y:\VME\vme06\binary\GR\BIT\MAINTRIG\fl2l_t3.bit <-- vme06 /h0/GR/BIT/MAINTRIG fl2l_t3.bit
102.04.16 19:06 B Y:\VME\vme06\binary\GR\BIT\MAINTRIG\Fsl2.bit <-- vme06 /h0/GR/BIT/MAINTRIG Fsl2.bit
102.04.16 19:06 B Y:\VME\vme06\binary\GR\BIT\MAINTRIG\fsl2_t1.bit <-- vme06 /h0/GR/BIT/MAINTRIG fsl2_t1.bit
102.04.16 19:06 B Y:\VME\vme06\binary\GR\BIT\MAINTRIG\fsl2_t2.bit <-- vme06 /h0/GR/BIT/MAINTRIG fsl2_t2.bit
102.04.16 19:06 B Y:\VME\vme06\binary\GR\BIT\MAINTRIG\Rcf2.bit <-- vme06 /h0/GR/BIT/MAINTRIG Rcf2.bit
102.04.16 19:06 B Y:\VME\vme06\binary\GR\BIT\MAINTRIG\rcf2_t1.bit <-- vme06 /h0/GR/BIT/MAINTRIG rcf2_t1.bit
102.04.16 19:06 B Y:\VME\vme06\binary\GR\BIT\MAINTRIG\rcf2_t2.bit <-- vme06 /h0/GR/BIT/MAINTRIG rcf2_t2.bit
102.04.16 19:06 B Y:\VME\vme06\binary\GR\BIT\MAINTRIG\rcf2_t3.bit <-- vme06 /h0/GR/BIT/MAINTRIG rcf2_t3.bit
102.04.16 19:06 B Y:\VME\vme06\binary\GR\BIT\MAINTRIG\Rcff.bit <-- vme06 /h0/GR/BIT/MAINTRIG Rcff.bit
102.04.16 19:06 B Y:\VME\vme06\binary\GR\BIT\MAINTRIG\rcff_t1.bit <-- vme06 /h0/GR/BIT/MAINTRIG rcff_t1.bit
102.04.16 19:06 B Y:\VME\vme06\binary\GR\BIT\MAINTRIG\Rfer.bit <-- vme06 /h0/GR/BIT/MAINTRIG Rfer.bit
102.04.16 19:06 B Y:\VME\vme06\binary\GR\BIT\MAINTRIG\rfer_t1.bit <-- vme06 /h0/GR/BIT/MAINTRIG rfer_t1.bit
102.04.16 19:06 B Y:\VME\vme06\binary\GR\BIT\MAINTRIG\Rfpp.bit <-- vme06 /h0/GR/BIT/MAINTRIG Rfpp.bit
102.04.16 19:06 B Y:\VME\vme06\binary\GR\BIT\MAINTRIG\rfpp_t3.bit <-- vme06 /h0/GR/BIT/MAINTRIG rfpp_t3.bit
102.04.16 19:06 B Y:\VME\vme06\binary\GR\BIT\MAINTRIG\Rgcf.bit <-- vme06 /h0/GR/BIT/MAINTRIG Rgcf.bit
102.04.16 19:06 B Y:\VME\vme06\binary\GR\BIT\MAINTRIG\rgcf_t1.bit <-- vme06 /h0/GR/BIT/MAINTRIG rgcf_t1.bit
102.04.16 19:06 B Y:\VME\vme06\binary\GR\BIT\MAINTRIG\rgcf_t2.bit <-- vme06 /h0/GR/BIT/MAINTRIG rgcf_t2.bit
102.04.16 19:06 B Y:\VME\vme06\binary\GR\BIT\MAINTRIG\Rgre.bit <-- vme06 /h0/GR/BIT/MAINTRIG Rgre.bit
102.04.16 19:06 B Y:\VME\vme06\binary\GR\BIT\MAINTRIG\rgre_t1.bit <-- vme06 /h0/GR/BIT/MAINTRIG rgre_t1.bit
102.04.16 19:06 B Y:\VME\vme06\binary\GR\BIT\MAINTRIG\rgre_t2.bit <-- vme06 /h0/GR/BIT/MAINTRIG rgre_t2.bit
102.04.16 19:06 B Y:\VME\vme06\binary\GR\BIT\MAINTRIG\rgre_t3.bit <-- vme06 /h0/GR/BIT/MAINTRIG rgre_t3.bit
102.04.16 19:06 B Y:\VME\vme06\binary\GR\BIT\MAINTRIG\Rgri.bit <-- vme06 /h0/GR/BIT/MAINTRIG Rgri.bit
102.04.16 19:06 B Y:\VME\vme06\binary\GR\BIT\MAINTRIG\rgri_t1.bit <-- vme06 /h0/GR/BIT/MAINTRIG rgri_t1.bit
102.04.16 19:06 B Y:\VME\vme06\binary\GR\BIT\MAINTRIG\Rgrs.bit <-- vme06 /h0/GR/BIT/MAINTRIG Rgrs.bit
102.04.16 19:06 B Y:\VME\vme06\binary\GR\BIT\MAINTRIG\rgrs_t1.bit <-- vme06 /h0/GR/BIT/MAINTRIG rgrs_t1.bit
102.04.16 19:06 B Y:\VME\vme06\binary\GR\BIT\MAINTRIG\rgrs_t2.bit <-- vme06 /h0/GR/BIT/MAINTRIG rgrs_t2.bit
102.04.16 19:06 B Y:\VME\vme06\binary\GR\BIT\MAINTRIG\rgrs_t2_0.bit <-- vme06 /h0/GR/BIT/MAINTRIG rgrs_t2_0.bit
102.04.16 19:06 B Y:\VME\vme06\binary\GR\BIT\MAINTRIG\Rj11.bit <-- vme06 /h0/GR/BIT/MAINTRIG Rj11.bit
102.04.16 19:06 B Y:\VME\vme06\binary\GR\BIT\MAINTRIG\rj11_a1.bit <-- vme06 /h0/GR/BIT/MAINTRIG rj11_a1.bit
102.04.16 19:06 B Y:\VME\vme06\binary\GR\BIT\MAINTRIG\rj11_a1_0.bit <-- vme06 /h0/GR/BIT/MAINTRIG rj11_a1_0.bit
102.04.16 19:06 B Y:\VME\vme06\binary\GR\BIT\MAINTRIG\rj11_t1.bit <-- vme06 /h0/GR/BIT/MAINTRIG rj11_t1.bit
102.04.16 19:06 B Y:\VME\vme06\binary\GR\BIT\MAINTRIG\rj11_t1_0.bit <-- vme06 /h0/GR/BIT/MAINTRIG rj11_t1_0.bit
102.04.16 19:06 B Y:\VME\vme06\binary\GR\BIT\MAINTRIG\rj11_t2.bit <-- vme06 /h0/GR/BIT/MAINTRIG rj11_t2.bit
102.04.16 19:06 B Y:\VME\vme06\binary\GR\BIT\MAINTRIG\Rlas.bit <-- vme06 /h0/GR/BIT/MAINTRIG Rlas.bit
102.04.16 19:06 B Y:\VME\vme06\binary\GR\BIT\MAINTRIG\rlas_t1.bit <-- vme06 /h0/GR/BIT/MAINTRIG rlas_t1.bit
102.04.16 19:06 B Y:\VME\vme06\binary\GR\BIT\MAINTRIG\rlas_t2.bit <-- vme06 /h0/GR/BIT/MAINTRIG rlas_t2.bit
102.04.16 19:06 B Y:\VME\vme06\binary\GR\BIT\MAINTRIG\Rlcf.bit <-- vme06 /h0/GR/BIT/MAINTRIG Rlcf.bit
102.04.16 19:06 B Y:\VME\vme06\binary\GR\BIT\MAINTRIG\rlcf_t1.bit <-- vme06 /h0/GR/BIT/MAINTRIG rlcf_t1.bit
102.04.16 19:06 B Y:\VME\vme06\binary\GR\BIT\MAINTRIG\rlcf_t2.bit <-- vme06 /h0/GR/BIT/MAINTRIG rlcf_t2.bit
102.04.16 19:06 B Y:\VME\vme06\binary\GR\BIT\MAINTRIG\rlcf_tt.bit <-- vme06 /h0/GR/BIT/MAINTRIG rlcf_tt.bit
102.04.16 19:06 B Y:\VME\vme06\binary\GR\BIT\MAINTRIG\Rlf2.bit <-- vme06 /h0/GR/BIT/MAINTRIG Rlf2.bit
102.04.16 19:06 B Y:\VME\vme06\binary\GR\BIT\MAINTRIG\rlf2_t1.bit <-- vme06 /h0/GR/BIT/MAINTRIG rlf2_t1.bit
102.04.16 19:06 B Y:\VME\vme06\binary\GR\BIT\MAINTRIG\rlsf_t1.bit <-- vme06 /h0/GR/BIT/MAINTRIG rlsf_t1.bit
102.04.16 19:06 B Y:\VME\vme06\binary\GR\BIT\MAINTRIG\rlsj_t1.bit <-- vme06 /h0/GR/BIT/MAINTRIG rlsj_t1.bit
102.04.16 19:06 B Y:\VME\vme06\binary\GR\BIT\MAINTRIG\Rsca.bit <-- vme06 /h0/GR/BIT/MAINTRIG Rsca.bit
102.04.16 19:06 B Y:\VME\vme06\binary\GR\BIT\MAINTRIG\rsca_t1.bit <-- vme06 /h0/GR/BIT/MAINTRIG rsca_t1.bit
102.04.16 19:21 B Y:\VME\vme06\binary\GR\BIT\MAINTRIG\fgc_t1.bit --> saho /home/tamidaq/VMEbackup/APR2002/vme06/binary/GR/BIT/MAINTRIG fgc_t1.bit
102.04.16 19:21 B Y:\VME\vme06\binary\GR\BIT\MAINTRIG\fgc_t1_0.bit --> saho /home/tamidaq/VMEbackup/APR2002/vme06/binary/GR/BIT/MAINTRIG fgc_t1_0.bit
102.04.16 19:21 B Y:\VME\vme06\binary\GR\BIT\MAINTRIG\Fgcf.bit --> saho /home/tamidaq/VMEbackup/APR2002/vme06/binary/GR/BIT/MAINTRIG Fgcf.bit
102.04.16 19:21 B Y:\VME\vme06\binary\GR\BIT\MAINTRIG\fgcf_t1.bit --> saho /home/tamidaq/VMEbackup/APR2002/vme06/binary/GR/BIT/MAINTRIG fgcf_t1.bit
102.04.16 19:21 B Y:\VME\vme06\binary\GR\BIT\MAINTRIG\fgcf_t2.bit --> saho /home/tamidaq/VMEbackup/APR2002/vme06/binary/GR/BIT/MAINTRIG fgcf_t2.bit
102.04.16 19:21 B Y:\VME\vme06\binary\GR\BIT\MAINTRIG\fgcf_t3.bit --> saho /home/tamidaq/VMEbackup/APR2002/vme06/binary/GR/BIT/MAINTRIG fgcf_t3.bit
102.04.16 19:21 B Y:\VME\vme06\binary\GR\BIT\MAINTRIG\fgcf_t4.bit --> saho /home/tamidaq/VMEbackup/APR2002/vme06/binary/GR/BIT/MAINTRIG fgcf_t4.bit
102.04.16 19:21 B Y:\VME\vme06\binary\GR\BIT\MAINTRIG\Fgfl.bit --> saho /home/tamidaq/VMEbackup/APR2002/vme06/binary/GR/BIT/MAINTRIG Fgfl.bit
102.04.16 19:21 B Y:\VME\vme06\binary\GR\BIT\MAINTRIG\fgfl_t3.bit --> saho /home/tamidaq/VMEbackup/APR2002/vme06/binary/GR/BIT/MAINTRIG fgfl_t3.bit
102.04.16 19:21 B Y:\VME\vme06\binary\GR\BIT\MAINTRIG\fgfl_t5.bit --> saho /home/tamidaq/VMEbackup/APR2002/vme06/binary/GR/BIT/MAINTRIG fgfl_t5.bit
102.04.16 19:21 B Y:\VME\vme06\binary\GR\BIT\MAINTRIG\Fgfls.bit --> saho /home/tamidaq/VMEbackup/APR2002/vme06/binary/GR/BIT/MAINTRIG Fgfls.bit
102.04.16 19:21 B Y:\VME\vme06\binary\GR\BIT\MAINTRIG\fgflst1.bit --> saho /home/tamidaq/VMEbackup/APR2002/vme06/binary/GR/BIT/MAINTRIG fgflst1.bit
102.04.16 19:21 B Y:\VME\vme06\binary\GR\BIT\MAINTRIG\fgflst2.bit --> saho /home/tamidaq/VMEbackup/APR2002/vme06/binary/GR/BIT/MAINTRIG fgflst2.bit
102.04.16 19:21 B Y:\VME\vme06\binary\GR\BIT\MAINTRIG\fgflst3.bit --> saho /home/tamidaq/VMEbackup/APR2002/vme06/binary/GR/BIT/MAINTRIG fgflst3.bit
102.04.16 19:21 B Y:\VME\vme06\binary\GR\BIT\MAINTRIG\Fgl.bit --> saho /home/tamidaq/VMEbackup/APR2002/vme06/binary/GR/BIT/MAINTRIG Fgl.bit
102.04.16 19:21 B Y:\VME\vme06\binary\GR\BIT\MAINTRIG\fgl2_t1.bit --> saho /home/tamidaq/VMEbackup/APR2002/vme06/binary/GR/BIT/MAINTRIG fgl2_t1.bit
102.04.16 19:21 B Y:\VME\vme06\binary\GR\BIT\MAINTRIG\fgl_t1.bit --> saho /home/tamidaq/VMEbackup/APR2002/vme06/binary/GR/BIT/MAINTRIG fgl_t1.bit
102.04.16 19:21 B Y:\VME\vme06\binary\GR\BIT\MAINTRIG\fgl_t1_1.bit --> saho /home/tamidaq/VMEbackup/APR2002/vme06/binary/GR/BIT/MAINTRIG fgl_t1_1.bit
102.04.16 19:21 B Y:\VME\vme06\binary\GR\BIT\MAINTRIG\fgl_t1_2.bit --> saho /home/tamidaq/VMEbackup/APR2002/vme06/binary/GR/BIT/MAINTRIG fgl_t1_2.bit
102.04.16 19:21 B Y:\VME\vme06\binary\GR\BIT\MAINTRIG\fgl_t2.bit --> saho /home/tamidaq/VMEbackup/APR2002/vme06/binary/GR/BIT/MAINTRIG fgl_t2.bit
102.04.16 19:21 B Y:\VME\vme06\binary\GR\BIT\MAINTRIG\fgl_t3.bit --> saho /home/tamidaq/VMEbackup/APR2002/vme06/binary/GR/BIT/MAINTRIG fgl_t3.bit
102.04.16 19:21 B Y:\VME\vme06\binary\GR\BIT\MAINTRIG\Fglc.bit --> saho /home/tamidaq/VMEbackup/APR2002/vme06/binary/GR/BIT/MAINTRIG Fglc.bit
102.04.16 19:21 B Y:\VME\vme06\binary\GR\BIT\MAINTRIG\fglc_t1.bit --> saho /home/tamidaq/VMEbackup/APR2002/vme06/binary/GR/BIT/MAINTRIG fglc_t1.bit
102.04.16 19:21 B Y:\VME\vme06\binary\GR\BIT\MAINTRIG\Fglf.bit --> saho /home/tamidaq/VMEbackup/APR2002/vme06/binary/GR/BIT/MAINTRIG Fglf.bit
102.04.16 19:21 B Y:\VME\vme06\binary\GR\BIT\MAINTRIG\fglf_s4.bit --> saho /home/tamidaq/VMEbackup/APR2002/vme06/binary/GR/BIT/MAINTRIG fglf_s4.bit
102.04.16 19:21 B Y:\VME\vme06\binary\GR\BIT\MAINTRIG\fglf_t2.bit --> saho /home/tamidaq/VMEbackup/APR2002/vme06/binary/GR/BIT/MAINTRIG fglf_t2.bit
102.04.16 19:21 B Y:\VME\vme06\binary\GR\BIT\MAINTRIG\fglf_t3.bit --> saho /home/tamidaq/VMEbackup/APR2002/vme06/binary/GR/BIT/MAINTRIG fglf_t3.bit
102.04.16 19:21 B Y:\VME\vme06\binary\GR\BIT\MAINTRIG\fglf_t4.bit --> saho /home/tamidaq/VMEbackup/APR2002/vme06/binary/GR/BIT/MAINTRIG fglf_t4.bit
102.04.16 19:21 B Y:\VME\vme06\binary\GR\BIT\MAINTRIG\Fglfs.bit --> saho /home/tamidaq/VMEbackup/APR2002/vme06/binary/GR/BIT/MAINTRIG Fglfs.bit
102.04.16 19:21 B Y:\VME\vme06\binary\GR\BIT\MAINTRIG\fglftt1.bit --> saho /home/tamidaq/VMEbackup/APR2002/vme06/binary/GR/BIT/MAINTRIG fglftt1.bit
102.04.16 19:21 B Y:\VME\vme06\binary\GR\BIT\MAINTRIG\Fglo.bit --> saho /home/tamidaq/VMEbackup/APR2002/vme06/binary/GR/BIT/MAINTRIG Fglo.bit
102.04.16 19:21 B Y:\VME\vme06\binary\GR\BIT\MAINTRIG\fglo_t1.bit --> saho /home/tamidaq/VMEbackup/APR2002/vme06/binary/GR/BIT/MAINTRIG fglo_t1.bit
102.04.16 19:21 B Y:\VME\vme06\binary\GR\BIT\MAINTRIG\fglo_t2.bit --> saho /home/tamidaq/VMEbackup/APR2002/vme06/binary/GR/BIT/MAINTRIG fglo_t2.bit
102.04.16 19:21 B Y:\VME\vme06\binary\GR\BIT\MAINTRIG\Fgls.bit --> saho /home/tamidaq/VMEbackup/APR2002/vme06/binary/GR/BIT/MAINTRIG Fgls.bit
102.04.16 19:21 B Y:\VME\vme06\binary\GR\BIT\MAINTRIG\fgls_t1.bit --> saho /home/tamidaq/VMEbackup/APR2002/vme06/binary/GR/BIT/MAINTRIG fgls_t1.bit
102.04.16 19:21 B Y:\VME\vme06\binary\GR\BIT\MAINTRIG\Fgrc.bit --> saho /home/tamidaq/VMEbackup/APR2002/vme06/binary/GR/BIT/MAINTRIG Fgrc.bit
102.04.16 19:21 B Y:\VME\vme06\binary\GR\BIT\MAINTRIG\fgrc_t1.bit --> saho /home/tamidaq/VMEbackup/APR2002/vme06/binary/GR/BIT/MAINTRIG fgrc_t1.bit
102.04.16 19:21 B Y:\VME\vme06\binary\GR\BIT\MAINTRIG\fgrc_t1_0.bit --> saho /home/tamidaq/VMEbackup/APR2002/vme06/binary/GR/BIT/MAINTRIG fgrc_t1_0.bit
102.04.16 19:21 B Y:\VME\vme06\binary\GR\BIT\MAINTRIG\fgrc_t2.bit --> saho /home/tamidaq/VMEbackup/APR2002/vme06/binary/GR/BIT/MAINTRIG fgrc_t2.bit
102.04.16 19:21 B Y:\VME\vme06\binary\GR\BIT\MAINTRIG\fgrc_t2_mari.bit --> saho /home/tamidaq/VMEbackup/APR2002/vme06/binary/GR/BIT/MAINTRIG fgrc_t2_mari.bit
102.04.16 19:21 B Y:\VME\vme06\binary\GR\BIT\MAINTRIG\fgrc_t2_miho.bit --> saho /home/tamidaq/VMEbackup/APR2002/vme06/binary/GR/BIT/MAINTRIG fgrc_t2_miho.bit
102.04.16 19:21 B Y:\VME\vme06\binary\GR\BIT\MAINTRIG\fgrc_t2_vme.bit --> saho /home/tamidaq/VMEbackup/APR2002/vme06/binary/GR/BIT/MAINTRIG fgrc_t2_vme.bit
102.04.16 19:21 B Y:\VME\vme06\binary\GR\BIT\MAINTRIG\fgrc_t3.bit --> saho /home/tamidaq/VMEbackup/APR2002/vme06/binary/GR/BIT/MAINTRIG fgrc_t3.bit
102.04.16 19:21 B Y:\VME\vme06\binary\GR\BIT\MAINTRIG\fgrc_t4.bit --> saho /home/tamidaq/VMEbackup/APR2002/vme06/binary/GR/BIT/MAINTRIG fgrc_t4.bit
102.04.16 19:21 B Y:\VME\vme06\binary\GR\BIT\MAINTRIG\fgrc_t5.bit --> saho /home/tamidaq/VMEbackup/APR2002/vme06/binary/GR/BIT/MAINTRIG fgrc_t5.bit
102.04.16 19:21 B Y:\VME\vme06\binary\GR\BIT\MAINTRIG\fgrc_t6.bit --> saho /home/tamidaq/VMEbackup/APR2002/vme06/binary/GR/BIT/MAINTRIG fgrc_t6.bit
102.04.16 19:21 B Y:\VME\vme06\binary\GR\BIT\MAINTRIG\Fgrf.bit --> saho /home/tamidaq/VMEbackup/APR2002/vme06/binary/GR/BIT/MAINTRIG Fgrf.bit
102.04.16 19:21 B Y:\VME\vme06\binary\GR\BIT\MAINTRIG\fgrf_t4.bit --> saho /home/tamidaq/VMEbackup/APR2002/vme06/binary/GR/BIT/MAINTRIG fgrf_t4.bit
102.04.16 19:21 B Y:\VME\vme06\binary\GR\BIT\MAINTRIG\Fgrs.bit --> saho /home/tamidaq/VMEbackup/APR2002/vme06/binary/GR/BIT/MAINTRIG Fgrs.bit
102.04.16 19:21 B Y:\VME\vme06\binary\GR\BIT\MAINTRIG\fgrs_t1.bit --> saho /home/tamidaq/VMEbackup/APR2002/vme06/binary/GR/BIT/MAINTRIG fgrs_t1.bit
102.04.16 19:21 B Y:\VME\vme06\binary\GR\BIT\MAINTRIG\fgrs_t2.bit --> saho /home/tamidaq/VMEbackup/APR2002/vme06/binary/GR/BIT/MAINTRIG fgrs_t2.bit
102.04.16 19:21 B Y:\VME\vme06\binary\GR\BIT\MAINTRIG\fgsf_t2.bit --> saho /home/tamidaq/VMEbackup/APR2002/vme06/binary/GR/BIT/MAINTRIG fgsf_t2.bit
102.04.16 19:21 B Y:\VME\vme06\binary\GR\BIT\MAINTRIG\fgsf_t3.bit --> saho /home/tamidaq/VMEbackup/APR2002/vme06/binary/GR/BIT/MAINTRIG fgsf_t3.bit
102.04.16 19:21 B Y:\VME\vme06\binary\GR\BIT\MAINTRIG\fgsf_t3_0.bit --> saho /home/tamidaq/VMEbackup/APR2002/vme06/binary/GR/BIT/MAINTRIG fgsf_t3_0.bit
102.04.16 19:21 B Y:\VME\vme06\binary\GR\BIT\MAINTRIG\Fl2l.bit --> saho /home/tamidaq/VMEbackup/APR2002/vme06/binary/GR/BIT/MAINTRIG Fl2l.bit
102.04.16 19:21 B Y:\VME\vme06\binary\GR\BIT\MAINTRIG\fl2l_t1.bit --> saho /home/tamidaq/VMEbackup/APR2002/vme06/binary/GR/BIT/MAINTRIG fl2l_t1.bit
102.04.16 19:21 B Y:\VME\vme06\binary\GR\BIT\MAINTRIG\fl2l_t2.bit --> saho /home/tamidaq/VMEbackup/APR2002/vme06/binary/GR/BIT/MAINTRIG fl2l_t2.bit
102.04.16 19:21 B Y:\VME\vme06\binary\GR\BIT\MAINTRIG\fl2l_t3.bit --> saho /home/tamidaq/VMEbackup/APR2002/vme06/binary/GR/BIT/MAINTRIG fl2l_t3.bit
102.04.16 19:21 B Y:\VME\vme06\binary\GR\BIT\MAINTRIG\Fsl2.bit --> saho /home/tamidaq/VMEbackup/APR2002/vme06/binary/GR/BIT/MAINTRIG Fsl2.bit
102.04.16 19:21 B Y:\VME\vme06\binary\GR\BIT\MAINTRIG\fsl2_t1.bit --> saho /home/tamidaq/VMEbackup/APR2002/vme06/binary/GR/BIT/MAINTRIG fsl2_t1.bit
102.04.16 19:21 B Y:\VME\vme06\binary\GR\BIT\MAINTRIG\fsl2_t2.bit --> saho /home/tamidaq/VMEbackup/APR2002/vme06/binary/GR/BIT/MAINTRIG fsl2_t2.bit
102.04.16 19:21 B Y:\VME\vme06\binary\GR\BIT\MAINTRIG\Rcf2.bit --> saho /home/tamidaq/VMEbackup/APR2002/vme06/binary/GR/BIT/MAINTRIG Rcf2.bit
102.04.16 19:21 B Y:\VME\vme06\binary\GR\BIT\MAINTRIG\rcf2_t1.bit --> saho /home/tamidaq/VMEbackup/APR2002/vme06/binary/GR/BIT/MAINTRIG rcf2_t1.bit
102.04.16 19:21 B Y:\VME\vme06\binary\GR\BIT\MAINTRIG\rcf2_t2.bit --> saho /home/tamidaq/VMEbackup/APR2002/vme06/binary/GR/BIT/MAINTRIG rcf2_t2.bit
102.04.16 19:21 B Y:\VME\vme06\binary\GR\BIT\MAINTRIG\rcf2_t3.bit --> saho /home/tamidaq/VMEbackup/APR2002/vme06/binary/GR/BIT/MAINTRIG rcf2_t3.bit
102.04.16 19:21 B Y:\VME\vme06\binary\GR\BIT\MAINTRIG\Rcff.bit --> saho /home/tamidaq/VMEbackup/APR2002/vme06/binary/GR/BIT/MAINTRIG Rcff.bit
102.04.16 19:21 B Y:\VME\vme06\binary\GR\BIT\MAINTRIG\rcff_t1.bit --> saho /home/tamidaq/VMEbackup/APR2002/vme06/binary/GR/BIT/MAINTRIG rcff_t1.bit
102.04.16 19:21 B Y:\VME\vme06\binary\GR\BIT\MAINTRIG\Rfer.bit --> saho /home/tamidaq/VMEbackup/APR2002/vme06/binary/GR/BIT/MAINTRIG Rfer.bit
102.04.16 19:21 B Y:\VME\vme06\binary\GR\BIT\MAINTRIG\rfer_t1.bit --> saho /home/tamidaq/VMEbackup/APR2002/vme06/binary/GR/BIT/MAINTRIG rfer_t1.bit
102.04.16 19:21 B Y:\VME\vme06\binary\GR\BIT\MAINTRIG\Rfpp.bit --> saho /home/tamidaq/VMEbackup/APR2002/vme06/binary/GR/BIT/MAINTRIG Rfpp.bit
102.04.16 19:21 B Y:\VME\vme06\binary\GR\BIT\MAINTRIG\rfpp_t3.bit --> saho /home/tamidaq/VMEbackup/APR2002/vme06/binary/GR/BIT/MAINTRIG rfpp_t3.bit
102.04.16 19:21 B Y:\VME\vme06\binary\GR\BIT\MAINTRIG\Rgcf.bit --> saho /home/tamidaq/VMEbackup/APR2002/vme06/binary/GR/BIT/MAINTRIG Rgcf.bit
102.04.16 19:21 B Y:\VME\vme06\binary\GR\BIT\MAINTRIG\rgcf_t1.bit --> saho /home/tamidaq/VMEbackup/APR2002/vme06/binary/GR/BIT/MAINTRIG rgcf_t1.bit
102.04.16 19:21 B Y:\VME\vme06\binary\GR\BIT\MAINTRIG\rgcf_t2.bit --> saho /home/tamidaq/VMEbackup/APR2002/vme06/binary/GR/BIT/MAINTRIG rgcf_t2.bit
102.04.16 19:21 B Y:\VME\vme06\binary\GR\BIT\MAINTRIG\Rgre.bit --> saho /home/tamidaq/VMEbackup/APR2002/vme06/binary/GR/BIT/MAINTRIG Rgre.bit
102.04.16 19:21 B Y:\VME\vme06\binary\GR\BIT\MAINTRIG\rgre_t1.bit --> saho /home/tamidaq/VMEbackup/APR2002/vme06/binary/GR/BIT/MAINTRIG rgre_t1.bit
102.04.16 19:21 B Y:\VME\vme06\binary\GR\BIT\MAINTRIG\rgre_t2.bit --> saho /home/tamidaq/VMEbackup/APR2002/vme06/binary/GR/BIT/MAINTRIG rgre_t2.bit
102.04.16 19:21 B Y:\VME\vme06\binary\GR\BIT\MAINTRIG\rgre_t3.bit --> saho /home/tamidaq/VMEbackup/APR2002/vme06/binary/GR/BIT/MAINTRIG rgre_t3.bit
102.04.16 19:21 B Y:\VME\vme06\binary\GR\BIT\MAINTRIG\Rgri.bit --> saho /home/tamidaq/VMEbackup/APR2002/vme06/binary/GR/BIT/MAINTRIG Rgri.bit
102.04.16 19:21 B Y:\VME\vme06\binary\GR\BIT\MAINTRIG\rgri_t1.bit --> saho /home/tamidaq/VMEbackup/APR2002/vme06/binary/GR/BIT/MAINTRIG rgri_t1.bit
102.04.16 19:21 B Y:\VME\vme06\binary\GR\BIT\MAINTRIG\Rgrs.bit --> saho /home/tamidaq/VMEbackup/APR2002/vme06/binary/GR/BIT/MAINTRIG Rgrs.bit
102.04.16 19:21 B Y:\VME\vme06\binary\GR\BIT\MAINTRIG\rgrs_t1.bit --> saho /home/tamidaq/VMEbackup/APR2002/vme06/binary/GR/BIT/MAINTRIG rgrs_t1.bit
102.04.16 19:21 B Y:\VME\vme06\binary\GR\BIT\MAINTRIG\rgrs_t2.bit --> saho /home/tamidaq/VMEbackup/APR2002/vme06/binary/GR/BIT/MAINTRIG rgrs_t2.bit
102.04.16 19:21 B Y:\VME\vme06\binary\GR\BIT\MAINTRIG\rgrs_t2_0.bit --> saho /home/tamidaq/VMEbackup/APR2002/vme06/binary/GR/BIT/MAINTRIG rgrs_t2_0.bit
102.04.16 19:21 B Y:\VME\vme06\binary\GR\BIT\MAINTRIG\Rj11.bit --> saho /home/tamidaq/VMEbackup/APR2002/vme06/binary/GR/BIT/MAINTRIG Rj11.bit
102.04.16 19:21 B Y:\VME\vme06\binary\GR\BIT\MAINTRIG\rj11_a1.bit --> saho /home/tamidaq/VMEbackup/APR2002/vme06/binary/GR/BIT/MAINTRIG rj11_a1.bit
102.04.16 19:21 B Y:\VME\vme06\binary\GR\BIT\MAINTRIG\rj11_a1_0.bit --> saho /home/tamidaq/VMEbackup/APR2002/vme06/binary/GR/BIT/MAINTRIG rj11_a1_0.bit
102.04.16 19:21 B Y:\VME\vme06\binary\GR\BIT\MAINTRIG\rj11_t1.bit --> saho /home/tamidaq/VMEbackup/APR2002/vme06/binary/GR/BIT/MAINTRIG rj11_t1.bit
102.04.16 19:21 B Y:\VME\vme06\binary\GR\BIT\MAINTRIG\rj11_t1_0.bit --> saho /home/tamidaq/VMEbackup/APR2002/vme06/binary/GR/BIT/MAINTRIG rj11_t1_0.bit
102.04.16 19:21 B Y:\VME\vme06\binary\GR\BIT\MAINTRIG\rj11_t2.bit --> saho /home/tamidaq/VMEbackup/APR2002/vme06/binary/GR/BIT/MAINTRIG rj11_t2.bit
102.04.16 19:21 B Y:\VME\vme06\binary\GR\BIT\MAINTRIG\Rlas.bit --> saho /home/tamidaq/VMEbackup/APR2002/vme06/binary/GR/BIT/MAINTRIG Rlas.bit
102.04.16 19:21 B Y:\VME\vme06\binary\GR\BIT\MAINTRIG\rlas_t1.bit --> saho /home/tamidaq/VMEbackup/APR2002/vme06/binary/GR/BIT/MAINTRIG rlas_t1.bit
102.04.16 19:21 B Y:\VME\vme06\binary\GR\BIT\MAINTRIG\rlas_t2.bit --> saho /home/tamidaq/VMEbackup/APR2002/vme06/binary/GR/BIT/MAINTRIG rlas_t2.bit
102.04.16 19:21 B Y:\VME\vme06\binary\GR\BIT\MAINTRIG\Rlcf.bit --> saho /home/tamidaq/VMEbackup/APR2002/vme06/binary/GR/BIT/MAINTRIG Rlcf.bit
102.04.16 19:21 B Y:\VME\vme06\binary\GR\BIT\MAINTRIG\rlcf_t1.bit --> saho /home/tamidaq/VMEbackup/APR2002/vme06/binary/GR/BIT/MAINTRIG rlcf_t1.bit
102.04.16 19:21 B Y:\VME\vme06\binary\GR\BIT\MAINTRIG\rlcf_t2.bit --> saho /home/tamidaq/VMEbackup/APR2002/vme06/binary/GR/BIT/MAINTRIG rlcf_t2.bit
102.04.16 19:21 B Y:\VME\vme06\binary\GR\BIT\MAINTRIG\rlcf_tt.bit --> saho /home/tamidaq/VMEbackup/APR2002/vme06/binary/GR/BIT/MAINTRIG rlcf_tt.bit
102.04.16 19:21 B Y:\VME\vme06\binary\GR\BIT\MAINTRIG\Rlf2.bit --> saho /home/tamidaq/VMEbackup/APR2002/vme06/binary/GR/BIT/MAINTRIG Rlf2.bit
102.04.16 19:21 B Y:\VME\vme06\binary\GR\BIT\MAINTRIG\rlf2_t1.bit --> saho /home/tamidaq/VMEbackup/APR2002/vme06/binary/GR/BIT/MAINTRIG rlf2_t1.bit
102.04.16 19:21 B Y:\VME\vme06\binary\GR\BIT\MAINTRIG\rlsf_t1.bit --> saho /home/tamidaq/VMEbackup/APR2002/vme06/binary/GR/BIT/MAINTRIG rlsf_t1.bit
102.04.16 19:21 B Y:\VME\vme06\binary\GR\BIT\MAINTRIG\rlsj_t1.bit --> saho /home/tamidaq/VMEbackup/APR2002/vme06/binary/GR/BIT/MAINTRIG rlsj_t1.bit
102.04.16 19:21 B Y:\VME\vme06\binary\GR\BIT\MAINTRIG\Rsca.bit --> saho /home/tamidaq/VMEbackup/APR2002/vme06/binary/GR/BIT/MAINTRIG Rsca.bit
102.04.16 19:21 B Y:\VME\vme06\binary\GR\BIT\MAINTRIG\rsca_t1.bit --> saho /home/tamidaq/VMEbackup/APR2002/vme06/binary/GR/BIT/MAINTRIG rsca_t1.bit
